{"numTotalTestSuites":177,"numPassedTestSuites":140,"numFailedTestSuites":37,"numPendingTestSuites":0,"numTotalTests":282,"numPassedTests":259,"numFailedTests":23,"numPendingTests":0,"numTodoTests":0,"snapshot":{"added":0,"failure":false,"filesAdded":0,"filesRemoved":0,"filesRemovedList":[],"filesUnmatched":0,"filesUpdated":0,"matched":0,"total":0,"unchecked":0,"uncheckedKeysByFile":[],"unmatched":0,"updated":0,"didUpdate":false},"startTime":1768176055498,"success":false,"testResults":[{"assertionResults":[{"ancestorTitles":["E2E: Fluxo Completo - Registro até Contribuição (Frontend)","GET /churches - Validação de Filtro por Usuário"],"fullName":"E2E: Fluxo Completo - Registro até Contribuição (Frontend) GET /churches - Validação de Filtro por Usuário deve retornar array vazio quando usuário não tem igreja configurada","status":"failed","title":"deve retornar array vazio quando usuário não tem igreja configurada","duration":58.23830000000089,"failureMessages":["Error: Erro ao conectar com o backend: Failed to execute \"fetch()\" on \"Window\" with URL \"http://localhost:3333/public/register\": \nCertifique-se de que o backend está rodando em http://localhost:3333\n    at registerUser (C:/Users/fernando.baldo/Documents/codes/churchappcomplete/web/src/__tests__/e2e/helpers/apiHelpers.ts:71:13)\n    at processTicksAndRejections (node:internal/process/task_queues:103:5)\n    at C:/Users/fernando.baldo/Documents/codes/churchappcomplete/web/src/__tests__/e2e/complete-flow.test.tsx:46:30\n    at file:///C:/Users/fernando.baldo/Documents/codes/churchappcomplete/web/node_modules/@vitest/runner/dist/index.js:753:20"],"meta":{}},{"ancestorTitles":["E2E: Fluxo Completo - Registro até Contribuição (Frontend)","GET /churches - Validação de Filtro por Usuário"],"fullName":"E2E: Fluxo Completo - Registro até Contribuição (Frontend) GET /churches - Validação de Filtro por Usuário deve retornar apenas a igreja do usuário após criar igreja","status":"failed","title":"deve retornar apenas a igreja do usuário após criar igreja","duration":19.129300000000512,"failureMessages":["Error: Erro ao conectar com o backend: Failed to execute \"fetch()\" on \"Window\" with URL \"http://localhost:3333/public/register\": \nCertifique-se de que o backend está rodando em http://localhost:3333\n    at registerUser (C:/Users/fernando.baldo/Documents/codes/churchappcomplete/web/src/__tests__/e2e/helpers/apiHelpers.ts:71:13)\n    at processTicksAndRejections (node:internal/process/task_queues:103:5)\n    at C:/Users/fernando.baldo/Documents/codes/churchappcomplete/web/src/__tests__/e2e/complete-flow.test.tsx:79:30\n    at file:///C:/Users/fernando.baldo/Documents/codes/churchappcomplete/web/node_modules/@vitest/runner/dist/index.js:753:20"],"meta":{}},{"ancestorTitles":["E2E: Fluxo Completo - Registro até Contribuição (Frontend)","GET /churches - Validação de Filtro por Usuário"],"fullName":"E2E: Fluxo Completo - Registro até Contribuição (Frontend) GET /churches - Validação de Filtro por Usuário não deve retornar igrejas de outros usuários","status":"failed","title":"não deve retornar igrejas de outros usuários","duration":37.819500000001426,"failureMessages":["Error: Erro ao conectar com o backend: Failed to execute \"fetch()\" on \"Window\" with URL \"http://localhost:3333/public/register\": \nCertifique-se de que o backend está rodando em http://localhost:3333\n    at registerUser (C:/Users/fernando.baldo/Documents/codes/churchappcomplete/web/src/__tests__/e2e/helpers/apiHelpers.ts:71:13)\n    at processTicksAndRejections (node:internal/process/task_queues:103:5)\n    at C:/Users/fernando.baldo/Documents/codes/churchappcomplete/web/src/__tests__/e2e/complete-flow.test.tsx:125:31\n    at file:///C:/Users/fernando.baldo/Documents/codes/churchappcomplete/web/node_modules/@vitest/runner/dist/index.js:753:20"],"meta":{}},{"ancestorTitles":["E2E: Fluxo Completo - Registro até Contribuição (Frontend)","Cenário 1: Fluxo completo desde o registro"],"fullName":"E2E: Fluxo Completo - Registro até Contribuição (Frontend) Cenário 1: Fluxo completo desde o registro deve completar todo o fluxo: registro → igreja → evento → contribuição","status":"failed","title":"deve completar todo o fluxo: registro → igreja → evento → contribuição","duration":24.500899999999092,"failureMessages":["Error: Erro ao conectar com o backend: Failed to execute \"fetch()\" on \"Window\" with URL \"http://localhost:3333/public/register\": \nCertifique-se de que o backend está rodando em http://localhost:3333\n    at registerUser (C:/Users/fernando.baldo/Documents/codes/churchappcomplete/web/src/__tests__/e2e/helpers/apiHelpers.ts:71:13)\n    at processTicksAndRejections (node:internal/process/task_queues:103:5)\n    at C:/Users/fernando.baldo/Documents/codes/churchappcomplete/web/src/__tests__/e2e/complete-flow.test.tsx:193:30\n    at file:///C:/Users/fernando.baldo/Documents/codes/churchappcomplete/web/node_modules/@vitest/runner/dist/index.js:753:20"],"meta":{}},{"ancestorTitles":["E2E: Fluxo Completo - Registro até Contribuição (Frontend)","Cenário 2: Fluxo com login após registro"],"fullName":"E2E: Fluxo Completo - Registro até Contribuição (Frontend) Cenário 2: Fluxo com login após registro deve fazer login após registro e criar recursos","status":"failed","title":"deve fazer login após registro e criar recursos","duration":10.678299999999581,"failureMessages":["Error: Erro ao conectar com o backend: Failed to execute \"fetch()\" on \"Window\" with URL \"http://localhost:3333/public/register\": \nCertifique-se de que o backend está rodando em http://localhost:3333\n    at registerUser (C:/Users/fernando.baldo/Documents/codes/churchappcomplete/web/src/__tests__/e2e/helpers/apiHelpers.ts:71:13)\n    at processTicksAndRejections (node:internal/process/task_queues:103:5)\n    at C:/Users/fernando.baldo/Documents/codes/churchappcomplete/web/src/__tests__/e2e/complete-flow.test.tsx:315:30\n    at file:///C:/Users/fernando.baldo/Documents/codes/churchappcomplete/web/node_modules/@vitest/runner/dist/index.js:753:20"],"meta":{}},{"ancestorTitles":["E2E: Fluxo Completo - Registro até Contribuição (Frontend)","Cenário 3: Múltiplos eventos e contribuições"],"fullName":"E2E: Fluxo Completo - Registro até Contribuição (Frontend) Cenário 3: Múltiplos eventos e contribuições deve criar múltiplos eventos e contribuições para o mesmo usuário","status":"failed","title":"deve criar múltiplos eventos e contribuições para o mesmo usuário","duration":26.42859999999928,"failureMessages":["Error: Erro ao conectar com o backend: Failed to execute \"fetch()\" on \"Window\" with URL \"http://localhost:3333/public/register\": \nCertifique-se de que o backend está rodando em http://localhost:3333\n    at registerUser (C:/Users/fernando.baldo/Documents/codes/churchappcomplete/web/src/__tests__/e2e/helpers/apiHelpers.ts:71:13)\n    at processTicksAndRejections (node:internal/process/task_queues:103:5)\n    at setupCompleteUser (C:/Users/fernando.baldo/Documents/codes/churchappcomplete/web/src/__tests__/e2e/helpers/apiHelpers.ts:313:26)\n    at C:/Users/fernando.baldo/Documents/codes/churchappcomplete/web/src/__tests__/e2e/complete-flow.test.tsx:373:20\n    at file:///C:/Users/fernando.baldo/Documents/codes/churchappcomplete/web/node_modules/@vitest/runner/dist/index.js:753:20"],"meta":{}},{"ancestorTitles":["E2E: Fluxo Completo - Registro até Contribuição (Frontend)","Cenário 4: Validações e erros"],"fullName":"E2E: Fluxo Completo - Registro até Contribuição (Frontend) Cenário 4: Validações e erros deve validar campos obrigatórios ao criar evento","status":"failed","title":"deve validar campos obrigatórios ao criar evento","duration":8.433600000000297,"failureMessages":["Error: Erro ao conectar com o backend: Failed to execute \"fetch()\" on \"Window\" with URL \"http://localhost:3333/public/register\": \nCertifique-se de que o backend está rodando em http://localhost:3333\n    at registerUser (C:/Users/fernando.baldo/Documents/codes/churchappcomplete/web/src/__tests__/e2e/helpers/apiHelpers.ts:71:13)\n    at processTicksAndRejections (node:internal/process/task_queues:103:5)\n    at setupCompleteUser (C:/Users/fernando.baldo/Documents/codes/churchappcomplete/web/src/__tests__/e2e/helpers/apiHelpers.ts:313:26)\n    at C:/Users/fernando.baldo/Documents/codes/churchappcomplete/web/src/__tests__/e2e/complete-flow.test.tsx:439:20\n    at file:///C:/Users/fernando.baldo/Documents/codes/churchappcomplete/web/node_modules/@vitest/runner/dist/index.js:753:20"],"meta":{}},{"ancestorTitles":["E2E: Fluxo Completo - Registro até Contribuição (Frontend)","Cenário 4: Validações e erros"],"fullName":"E2E: Fluxo Completo - Registro até Contribuição (Frontend) Cenário 4: Validações e erros deve validar campos obrigatórios ao criar contribuição","status":"failed","title":"deve validar campos obrigatórios ao criar contribuição","duration":8.278400000002875,"failureMessages":["Error: Erro ao conectar com o backend: Failed to execute \"fetch()\" on \"Window\" with URL \"http://localhost:3333/public/register\": \nCertifique-se de que o backend está rodando em http://localhost:3333\n    at registerUser (C:/Users/fernando.baldo/Documents/codes/churchappcomplete/web/src/__tests__/e2e/helpers/apiHelpers.ts:71:13)\n    at processTicksAndRejections (node:internal/process/task_queues:103:5)\n    at setupCompleteUser (C:/Users/fernando.baldo/Documents/codes/churchappcomplete/web/src/__tests__/e2e/helpers/apiHelpers.ts:313:26)\n    at C:/Users/fernando.baldo/Documents/codes/churchappcomplete/web/src/__tests__/e2e/complete-flow.test.tsx:468:20\n    at file:///C:/Users/fernando.baldo/Documents/codes/churchappcomplete/web/node_modules/@vitest/runner/dist/index.js:753:20"],"meta":{}}],"startTime":1768176079539,"endTime":1768176079754.2783,"status":"failed","message":"","name":"C:/Users/fernando.baldo/Documents/codes/churchappcomplete/web/src/__tests__/e2e/complete-flow.test.tsx"},{"assertionResults":[],"startTime":1768176055498,"endTime":1768176055498,"status":"failed","message":"Failed to resolve import \"@playwright/test\" from \"src/__tests__/e2e/login-flow.spec.ts\". Does the file exist?","name":"C:/Users/fernando.baldo/Documents/codes/churchappcomplete/web/src/__tests__/e2e/login-flow.spec.ts"},{"assertionResults":[{"ancestorTitles":["E2E: Redirecionamento de Onboarding","Cenário 1: Login após registro sem completar onboarding"],"fullName":"E2E: Redirecionamento de Onboarding Cenário 1: Login após registro sem completar onboarding deve redirecionar para onboarding quando usuário faz login sem ter completado configuração","status":"passed","title":"deve redirecionar para onboarding quando usuário faz login sem ter completado configuração","duration":3.648299999998926,"failureMessages":[],"meta":{}},{"ancestorTitles":["E2E: Redirecionamento de Onboarding","Cenário 2: Login após completar onboarding"],"fullName":"E2E: Redirecionamento de Onboarding Cenário 2: Login após completar onboarding deve permitir acesso ao dashboard quando usuário completa onboarding e faz login novamente","status":"passed","title":"deve permitir acesso ao dashboard quando usuário completa onboarding e faz login novamente","duration":0.7685999999994237,"failureMessages":[],"meta":{}},{"ancestorTitles":["E2E: Redirecionamento de Onboarding","Cenário 3: Tentativa de acessar dashboard sem onboarding"],"fullName":"E2E: Redirecionamento de Onboarding Cenário 3: Tentativa de acessar dashboard sem onboarding deve validar que token sem onboarding não permite acesso ao dashboard","status":"passed","title":"deve validar que token sem onboarding não permite acesso ao dashboard","duration":0.6902000000009139,"failureMessages":[],"meta":{}}],"startTime":1768176123312,"endTime":1768176123317.6902,"status":"passed","message":"","name":"C:/Users/fernando.baldo/Documents/codes/churchappcomplete/web/src/__tests__/e2e/onboarding-redirect.test.tsx"},{"assertionResults":[{"ancestorTitles":["ServiceSchedule Delete E2E"],"fullName":"ServiceSchedule Delete E2E deve completar fluxo completo de deleção com eventos relacionados","status":"passed","title":"deve completar fluxo completo de deleção com eventos relacionados","duration":417.35339999999997,"failureMessages":[],"meta":{}},{"ancestorTitles":["ServiceSchedule Delete E2E"],"fullName":"ServiceSchedule Delete E2E deve completar fluxo de deleção sem eventos relacionados","status":"passed","title":"deve completar fluxo de deleção sem eventos relacionados","duration":423.2698999999993,"failureMessages":[],"meta":{}},{"ancestorTitles":["ServiceSchedule Delete E2E"],"fullName":"ServiceSchedule Delete E2E deve cancelar deleção quando usuário cancela","status":"passed","title":"deve cancelar deleção quando usuário cancela","duration":81.92039999999906,"failureMessages":[],"meta":{}},{"ancestorTitles":["ServiceSchedule Delete E2E"],"fullName":"ServiceSchedule Delete E2E deve deletar horário e eventos relacionados quando confirmado","status":"passed","title":"deve deletar horário e eventos relacionados quando confirmado","duration":166.75940000000082,"failureMessages":[],"meta":{}}],"startTime":1768176108823,"endTime":1768176109912.7595,"status":"passed","message":"","name":"C:/Users/fernando.baldo/Documents/codes/churchappcomplete/web/src/__tests__/e2e/serviceScheduleDelete.test.tsx"},{"assertionResults":[{"ancestorTitles":["Contributions CRUD Integration","Listar Contribuições"],"fullName":"Contributions CRUD Integration Listar Contribuições deve carregar e exibir lista de contribuições","status":"passed","title":"deve carregar e exibir lista de contribuições","duration":103.10449999999946,"failureMessages":[],"meta":{}},{"ancestorTitles":["Contributions CRUD Integration","Listar Contribuições"],"fullName":"Contributions CRUD Integration Listar Contribuições deve exibir valores formatados corretamente","status":"passed","title":"deve exibir valores formatados corretamente","duration":16.641999999999825,"failureMessages":[],"meta":{}}],"startTime":1768176127869,"endTime":1768176127988.642,"status":"passed","message":"","name":"C:/Users/fernando.baldo/Documents/codes/churchappcomplete/web/src/__tests__/integration/contributions/contributions-crud.test.tsx"},{"assertionResults":[{"ancestorTitles":["Devotionals CRUD Integration","Listar Devocionais"],"fullName":"Devotionals CRUD Integration Listar Devocionais deve carregar e exibir lista de devocionais","status":"passed","title":"deve carregar e exibir lista de devocionais","duration":107.26299999999901,"failureMessages":[],"meta":{}},{"ancestorTitles":["Devotionals CRUD Integration","Listar Devocionais"],"fullName":"Devotionals CRUD Integration Listar Devocionais deve exibir informações do autor e likes","status":"passed","title":"deve exibir informações do autor e likes","duration":37.367599999999584,"failureMessages":[],"meta":{}},{"ancestorTitles":["Devotionals CRUD Integration","Listar Devocionais"],"fullName":"Devotionals CRUD Integration Listar Devocionais deve exibir mensagem quando não há devocionais","status":"passed","title":"deve exibir mensagem quando não há devocionais","duration":40.53160000000025,"failureMessages":[],"meta":{}},{"ancestorTitles":["Devotionals CRUD Integration","Listar Devocionais"],"fullName":"Devotionals CRUD Integration Listar Devocionais deve navegar para criar devocional ao clicar em botão","status":"passed","title":"deve navegar para criar devocional ao clicar em botão","duration":157.75790000000052,"failureMessages":[],"meta":{}},{"ancestorTitles":["Devotionals CRUD Integration","Criar Devocional"],"fullName":"Devotionals CRUD Integration Criar Devocional deve criar devocional com sucesso","status":"passed","title":"deve criar devocional com sucesso","duration":1300.621000000001,"failureMessages":[],"meta":{}},{"ancestorTitles":["Devotionals CRUD Integration","Criar Devocional"],"fullName":"Devotionals CRUD Integration Criar Devocional deve validar campos obrigatórios","status":"passed","title":"deve validar campos obrigatórios","duration":44.836999999999534,"failureMessages":[],"meta":{}},{"ancestorTitles":["Devotionals CRUD Integration","Visualizar Detalhes"],"fullName":"Devotionals CRUD Integration Visualizar Detalhes deve carregar e exibir detalhes do devocional","status":"passed","title":"deve carregar e exibir detalhes do devocional","duration":123.84640000000036,"failureMessages":[],"meta":{}},{"ancestorTitles":["Devotionals CRUD Integration","Visualizar Detalhes"],"fullName":"Devotionals CRUD Integration Visualizar Detalhes deve curtir devocional","status":"passed","title":"deve curtir devocional","duration":94.0120999999981,"failureMessages":[],"meta":{}}],"startTime":1768176107954,"endTime":1768176109862.0122,"status":"passed","message":"","name":"C:/Users/fernando.baldo/Documents/codes/churchappcomplete/web/src/__tests__/integration/devotionals/devotionals-crud.test.tsx"},{"assertionResults":[{"ancestorTitles":["Login Integration"],"fullName":"Login Integration deve fazer login com sucesso e redirecionar para dashboard quando onboarding completo","status":"passed","title":"deve fazer login com sucesso e redirecionar para dashboard quando onboarding completo","duration":811.9521000000004,"failureMessages":[],"meta":{}},{"ancestorTitles":["Login Integration"],"fullName":"Login Integration deve redirecionar para onboarding quando login bem-sucedido mas sem onboarding completo","status":"passed","title":"deve redirecionar para onboarding quando login bem-sucedido mas sem onboarding completo","duration":543.0825000000004,"failureMessages":[],"meta":{}},{"ancestorTitles":["Login Integration"],"fullName":"Login Integration deve exibir erro quando credenciais são inválidas","status":"passed","title":"deve exibir erro quando credenciais são inválidas","duration":484.09029999999984,"failureMessages":[],"meta":{}},{"ancestorTitles":["Login Integration"],"fullName":"Login Integration deve validar campos obrigatórios","status":"passed","title":"deve validar campos obrigatórios","duration":83.75669999999991,"failureMessages":[],"meta":{}},{"ancestorTitles":["Login Integration"],"fullName":"Login Integration deve exibir loading durante o login","status":"passed","title":"deve exibir loading durante o login","duration":444.3871999999992,"failureMessages":[],"meta":{}}],"startTime":1768176099747,"endTime":1768176102115.3872,"status":"passed","message":"","name":"C:/Users/fernando.baldo/Documents/codes/churchappcomplete/web/src/__tests__/integration/auth/login.test.tsx"},{"assertionResults":[{"ancestorTitles":["Events CRUD Integration","Listar Eventos"],"fullName":"Events CRUD Integration Listar Eventos deve carregar e exibir lista de eventos","status":"passed","title":"deve carregar e exibir lista de eventos","duration":200.66740000000027,"failureMessages":[],"meta":{}},{"ancestorTitles":["Events CRUD Integration","Listar Eventos"],"fullName":"Events CRUD Integration Listar Eventos deve exibir mensagem quando não há eventos","status":"passed","title":"deve exibir mensagem quando não há eventos","duration":48.67100000000028,"failureMessages":[],"meta":{}},{"ancestorTitles":["Events CRUD Integration","Listar Eventos"],"fullName":"Events CRUD Integration Listar Eventos deve exibir erro quando falha ao carregar","status":"passed","title":"deve exibir erro quando falha ao carregar","duration":15.687700000000405,"failureMessages":[],"meta":{}},{"ancestorTitles":["Events CRUD Integration","Criar Evento"],"fullName":"Events CRUD Integration Criar Evento deve criar evento com sucesso","status":"passed","title":"deve criar evento com sucesso","duration":1160.4435999999987,"failureMessages":[],"meta":{}}],"startTime":1768176113861,"endTime":1768176115286.4436,"status":"passed","message":"","name":"C:/Users/fernando.baldo/Documents/codes/churchappcomplete/web/src/__tests__/integration/events/events-crud.test.tsx"},{"assertionResults":[{"ancestorTitles":["Finances CRUD Integration","Listar Transações"],"fullName":"Finances CRUD Integration Listar Transações deve carregar e exibir lista de transações com resumo","status":"passed","title":"deve carregar e exibir lista de transações com resumo","duration":296.39700000000084,"failureMessages":[],"meta":{}},{"ancestorTitles":["Finances CRUD Integration","Listar Transações"],"fullName":"Finances CRUD Integration Listar Transações deve exibir valores formatados corretamente","status":"passed","title":"deve exibir valores formatados corretamente","duration":141.5612999999994,"failureMessages":[],"meta":{}},{"ancestorTitles":["Finances CRUD Integration","Listar Transações"],"fullName":"Finances CRUD Integration Listar Transações deve exibir resumo financeiro correto","status":"passed","title":"deve exibir resumo financeiro correto","duration":138.0550000000003,"failureMessages":[],"meta":{}},{"ancestorTitles":["Finances CRUD Integration","Exibição de Transações"],"fullName":"Finances CRUD Integration Exibição de Transações deve exibir tipo ENTRY com badge verde","status":"passed","title":"deve exibir tipo ENTRY com badge verde","duration":75.6151000000009,"failureMessages":[],"meta":{}},{"ancestorTitles":["Finances CRUD Integration","Exibição de Transações"],"fullName":"Finances CRUD Integration Exibição de Transações deve exibir tipo EXIT com badge vermelho","status":"passed","title":"deve exibir tipo EXIT com badge vermelho","duration":64.18269999999939,"failureMessages":[],"meta":{}},{"ancestorTitles":["Finances CRUD Integration","Exibição de Transações","Filtros e Pesquisa"],"fullName":"Finances CRUD Integration Exibição de Transações Filtros e Pesquisa deve exibir filtros quando clicar no botão de filtros","status":"passed","title":"deve exibir filtros quando clicar no botão de filtros","duration":288.6239000000005,"failureMessages":[],"meta":{}},{"ancestorTitles":["Finances CRUD Integration","Exibição de Transações","Filtros e Pesquisa"],"fullName":"Finances CRUD Integration Exibição de Transações Filtros e Pesquisa deve aplicar preset de mês ao clicar","status":"passed","title":"deve aplicar preset de mês ao clicar","duration":272.5082000000002,"failureMessages":[],"meta":{}},{"ancestorTitles":["Finances CRUD Integration","Exibição de Transações","Filtros e Pesquisa"],"fullName":"Finances CRUD Integration Exibição de Transações Filtros e Pesquisa deve exibir labels de filtros ativos quando há filtros aplicados","status":"passed","title":"deve exibir labels de filtros ativos quando há filtros aplicados","duration":242.1193000000003,"failureMessages":[],"meta":{}},{"ancestorTitles":["Finances CRUD Integration","Exibição de Transações","Filtros e Pesquisa"],"fullName":"Finances CRUD Integration Exibição de Transações Filtros e Pesquisa deve remover filtro ao clicar no X do label","status":"passed","title":"deve remover filtro ao clicar no X do label","duration":246.98530000000028,"failureMessages":[],"meta":{}},{"ancestorTitles":["Finances CRUD Integration","Exibição de Transações","Filtros e Pesquisa"],"fullName":"Finances CRUD Integration Exibição de Transações Filtros e Pesquisa deve exibir campos de data personalizada quando selecionar \"Personalizado\"","status":"passed","title":"deve exibir campos de data personalizada quando selecionar \"Personalizado\"","duration":73.84939999999915,"failureMessages":[],"meta":{}},{"ancestorTitles":["Finances CRUD Integration","Exibição de Transações","Filtros e Pesquisa"],"fullName":"Finances CRUD Integration Exibição de Transações Filtros e Pesquisa deve aplicar filtro de pesquisa com múltiplos caracteres","status":"passed","title":"deve aplicar filtro de pesquisa com múltiplos caracteres","duration":722.5793999999987,"failureMessages":[],"meta":{}},{"ancestorTitles":["Finances CRUD Integration","Exibição de Transações","Ações de Transação"],"fullName":"Finances CRUD Integration Exibição de Transações Ações de Transação deve exibir botões de ação (visualizar, editar, excluir)","status":"passed","title":"deve exibir botões de ação (visualizar, editar, excluir)","duration":39.70550000000003,"failureMessages":[],"meta":{}},{"ancestorTitles":["Finances CRUD Integration","Exibição de Transações","Ações de Transação"],"fullName":"Finances CRUD Integration Exibição de Transações Ações de Transação deve exibir coluna Criado por","status":"passed","title":"deve exibir coluna Criado por","duration":37.76959999999963,"failureMessages":[],"meta":{}}],"startTime":1768176108280,"endTime":1768176110921.7695,"status":"passed","message":"","name":"C:/Users/fernando.baldo/Documents/codes/churchappcomplete/web/src/__tests__/integration/finances/finances-crud.test.tsx"},{"assertionResults":[{"ancestorTitles":["Members CRUD Integration","Listar Membros"],"fullName":"Members CRUD Integration Listar Membros deve carregar e exibir lista de membros","status":"passed","title":"deve carregar e exibir lista de membros","duration":135.5617999999995,"failureMessages":[],"meta":{}},{"ancestorTitles":["Members CRUD Integration","Listar Membros"],"fullName":"Members CRUD Integration Listar Membros deve exibir roles dos membros","status":"passed","title":"deve exibir roles dos membros","duration":20.33559999999852,"failureMessages":[],"meta":{}},{"ancestorTitles":["Members CRUD Integration","Atualização de Membro"],"fullName":"Members CRUD Integration Atualização de Membro deve atualizar membro com campos válidos","status":"passed","title":"deve atualizar membro com campos válidos","duration":1.827499999999418,"failureMessages":[],"meta":{}},{"ancestorTitles":["Members CRUD Integration","Atualização de Membro"],"fullName":"Members CRUD Integration Atualização de Membro deve validar permissões para atualizar membro","status":"passed","title":"deve validar permissões para atualizar membro","duration":2.570899999998801,"failureMessages":[],"meta":{}},{"ancestorTitles":["Members CRUD Integration","Atualização de Membro"],"fullName":"Members CRUD Integration Atualização de Membro deve validar hierarquia de roles","status":"passed","title":"deve validar hierarquia de roles","duration":0.8906999999999243,"failureMessages":[],"meta":{}},{"ancestorTitles":["Members CRUD Integration","Atualização de Membro"],"fullName":"Members CRUD Integration Atualização de Membro deve validar campos obrigatórios no backend","status":"passed","title":"deve validar campos obrigatórios no backend","duration":0.7746999999999389,"failureMessages":[],"meta":{}}],"startTime":1768176126545,"endTime":1768176126707.8906,"status":"passed","message":"","name":"C:/Users/fernando.baldo/Documents/codes/churchappcomplete/web/src/__tests__/integration/members/members-crud.test.tsx"},{"assertionResults":[{"ancestorTitles":["Dashboard Cards Navigation"],"fullName":"Dashboard Cards Navigation deve navegar para /app/events ao clicar no card de Eventos","status":"passed","title":"deve navegar para /app/events ao clicar no card de Eventos","duration":361.5557000000008,"failureMessages":[],"meta":{}},{"ancestorTitles":["Dashboard Cards Navigation"],"fullName":"Dashboard Cards Navigation deve navegar para /app/contributions ao clicar no card de Contribuições","status":"passed","title":"deve navegar para /app/contributions ao clicar no card de Contribuições","duration":104.16550000000097,"failureMessages":[],"meta":{}},{"ancestorTitles":["Dashboard Cards Navigation"],"fullName":"Dashboard Cards Navigation deve navegar para /app/devotionals ao clicar no card de Devocionais","status":"passed","title":"deve navegar para /app/devotionals ao clicar no card de Devocionais","duration":95.17079999999987,"failureMessages":[],"meta":{}},{"ancestorTitles":["Dashboard Cards Navigation"],"fullName":"Dashboard Cards Navigation deve navegar para /app/members ao clicar no card de Membros","status":"passed","title":"deve navegar para /app/members ao clicar no card de Membros","duration":56.70299999999952,"failureMessages":[],"meta":{}},{"ancestorTitles":["Dashboard Cards Navigation"],"fullName":"Dashboard Cards Navigation deve navegar para /app/events/new ao clicar em \"Criar Novo Evento\"","status":"passed","title":"deve navegar para /app/events/new ao clicar em \"Criar Novo Evento\"","duration":83.89499999999862,"failureMessages":[],"meta":{}},{"ancestorTitles":["Dashboard Cards Navigation"],"fullName":"Dashboard Cards Navigation deve navegar para /app/contributions/new ao clicar em \"Adicionar Contribuição\"","status":"passed","title":"deve navegar para /app/contributions/new ao clicar em \"Adicionar Contribuição\"","duration":78.77080000000024,"failureMessages":[],"meta":{}},{"ancestorTitles":["Dashboard Cards Navigation"],"fullName":"Dashboard Cards Navigation deve navegar para /app/devotionals/new ao clicar em \"Criar Devocional\"","status":"passed","title":"deve navegar para /app/devotionals/new ao clicar em \"Criar Devocional\"","duration":78.71419999999853,"failureMessages":[],"meta":{}}],"startTime":1768176114411,"endTime":1768176115270.714,"status":"passed","message":"","name":"C:/Users/fernando.baldo/Documents/codes/churchappcomplete/web/src/__tests__/integration/navigation/dashboard-cards-navigation.test.tsx"},{"assertionResults":[{"ancestorTitles":["Pages Cards Navigation","Events Page"],"fullName":"Pages Cards Navigation Events Page deve navegar para /app/events/new ao clicar em \"Novo Evento\"","status":"passed","title":"deve navegar para /app/events/new ao clicar em \"Novo Evento\"","duration":189.9382000000005,"failureMessages":[],"meta":{}},{"ancestorTitles":["Pages Cards Navigation","Events Page"],"fullName":"Pages Cards Navigation Events Page deve navegar para /app/events/:id ao clicar em um card de evento","status":"passed","title":"deve navegar para /app/events/:id ao clicar em um card de evento","duration":95.82809999999881,"failureMessages":[],"meta":{}},{"ancestorTitles":["Pages Cards Navigation","Contributions Page"],"fullName":"Pages Cards Navigation Contributions Page deve navegar para /app/contributions/new ao clicar em \"Nova Contribuição\"","status":"passed","title":"deve navegar para /app/contributions/new ao clicar em \"Nova Contribuição\"","duration":74.60549999999967,"failureMessages":[],"meta":{}},{"ancestorTitles":["Pages Cards Navigation","Contributions Page"],"fullName":"Pages Cards Navigation Contributions Page deve navegar para /app/contributions/:id ao clicar em \"Ver Detalhes\"","status":"passed","title":"deve navegar para /app/contributions/:id ao clicar em \"Ver Detalhes\"","duration":56.20390000000043,"failureMessages":[],"meta":{}},{"ancestorTitles":["Pages Cards Navigation","Devotionals Page"],"fullName":"Pages Cards Navigation Devotionals Page deve navegar para /app/devotionals/new ao clicar em \"Novo Devocional\"","status":"passed","title":"deve navegar para /app/devotionals/new ao clicar em \"Novo Devocional\"","duration":115.37610000000132,"failureMessages":[],"meta":{}},{"ancestorTitles":["Pages Cards Navigation","Devotionals Page"],"fullName":"Pages Cards Navigation Devotionals Page deve navegar para /app/devotionals/:id ao clicar em um card de devocional","status":"passed","title":"deve navegar para /app/devotionals/:id ao clicar em um card de devocional","duration":129.251400000001,"failureMessages":[],"meta":{}},{"ancestorTitles":["Pages Cards Navigation","Members Page"],"fullName":"Pages Cards Navigation Members Page deve navegar para /app/members/new ao clicar em \"Novo Membro\"","status":"passed","title":"deve navegar para /app/members/new ao clicar em \"Novo Membro\"","duration":95.77370000000155,"failureMessages":[],"meta":{}},{"ancestorTitles":["Pages Cards Navigation","Members Page"],"fullName":"Pages Cards Navigation Members Page deve navegar para /app/members/:id ao clicar em um card de membro","status":"passed","title":"deve navegar para /app/members/:id ao clicar em um card de membro","duration":52.43189999999959,"failureMessages":[],"meta":{}}],"startTime":1768176113944,"endTime":1768176114754.432,"status":"passed","message":"","name":"C:/Users/fernando.baldo/Documents/codes/churchappcomplete/web/src/__tests__/integration/navigation/pages-cards-navigation.test.tsx"},{"assertionResults":[{"ancestorTitles":["Protected Routes Integration"],"fullName":"Protected Routes Integration deve redirecionar para login quando não autenticado","status":"passed","title":"deve redirecionar para login quando não autenticado","duration":144.8535999999949,"failureMessages":[],"meta":{}},{"ancestorTitles":["Protected Routes Integration"],"fullName":"Protected Routes Integration deve permitir acesso quando autenticado","status":"failed","title":"deve permitir acesso quando autenticado","duration":3045.370400000007,"failureMessages":["Error: Unable to find an element with the text: Dashboard Page. This could be because the text is broken up by multiple elements. In this case, you can provide a function for your text matcher to make your matcher more flexible.\n\nIgnored nodes: comments, script, style\n\u001b[36m<body>\u001b[39m\n  \u001b[36m<div>\u001b[39m\n    \u001b[36m<div\u001b[39m\n      \u001b[33mclass\u001b[39m=\u001b[32m\"min-h-screen bg-gray-50\"\u001b[39m\n    \u001b[36m>\u001b[39m\n      \u001b[36m<header\u001b[39m\n        \u001b[33mclass\u001b[39m=\u001b[32m\"bg-white border-b border-gray-200 shadow-sm\"\u001b[39m\n      \u001b[36m>\u001b[39m\n        \u001b[36m<div\u001b[39m\n          \u001b[33mclass\u001b[39m=\u001b[32m\"max-w-7xl mx-auto px-4 sm:px-6 lg:px-8\"\u001b[39m\n        \u001b[36m>\u001b[39m\n          \u001b[36m<div\u001b[39m\n            \u001b[33mclass\u001b[39m=\u001b[32m\"flex justify-between items-center h-16\"\u001b[39m\n          \u001b[36m>\u001b[39m\n            \u001b[36m<div\u001b[39m\n              \u001b[33mclass\u001b[39m=\u001b[32m\"flex items-center\"\u001b[39m\n            \u001b[36m>\u001b[39m\n              \u001b[36m<h1\u001b[39m\n                \u001b[33mclass\u001b[39m=\u001b[32m\"text-xl font-bold text-gray-900\"\u001b[39m\n              \u001b[36m>\u001b[39m\n                \u001b[0mChurchPulse\u001b[0m\n              \u001b[36m</h1>\u001b[39m\n            \u001b[36m</div>\u001b[39m\n            \u001b[36m<div\u001b[39m\n              \u001b[33mclass\u001b[39m=\u001b[32m\"flex items-center gap-4\"\u001b[39m\n            \u001b[36m>\u001b[39m\n              \u001b[36m<span\u001b[39m\n                \u001b[33mclass\u001b[39m=\u001b[32m\"text-sm text-gray-600 hidden sm:inline\"\u001b[39m\n              \u001b[36m>\u001b[39m\n                \u001b[0mJoão Silva\u001b[0m\n              \u001b[36m</span>\u001b[39m\n              \u001b[36m<button\u001b[39m\n                \u001b[33mclass\u001b[39m=\u001b[32m\"flex items-center gap-2 px-4 py-2 text-sm text-gray-700 hover:text-gray-900 hover:bg-gray-100 rounded-lg transition-colors\"\u001b[39m\n                \u001b[33mtitle\u001b[39m=\u001b[32m\"Sair\"\u001b[39m\n              \u001b[36m>\u001b[39m\n                \u001b[36m<svg\u001b[39m\n                  \u001b[33mclass\u001b[39m=\u001b[32m\"lucide lucide-log-out w-4 h-4\"\u001b[39m\n                  \u001b[33mfill\u001b[39m=\u001b[32m\"none\"\u001b[39m\n                  \u001b[33mheight\u001b[39m=\u001b[32m\"24\"\u001b[39m\n                  \u001b[33mstroke\u001b[39m=\u001b[32m\"currentColor\"\u001b[39m\n                  \u001b[33mstroke-linecap\u001b[39m=\u001b[32m\"round\"\u001b[39m\n                  \u001b[33mstroke-linejoin\u001b[39m=\u001b[32m\"round\"\u001b[39m\n                  \u001b[33mstroke-width\u001b[39m=\u001b[32m\"2\"\u001b[39m\n                  \u001b[33mviewBox\u001b[39m=\u001b[32m\"0 0 24 24\"\u001b[39m\n                  \u001b[33mwidth\u001b[39m=\u001b[32m\"24\"\u001b[39m\n                  \u001b[33mxmlns\u001b[39m=\u001b[32m\"http://www.w3.org/2000/svg\"\u001b[39m\n                \u001b[36m>\u001b[39m\n                  \u001b[36m<path\u001b[39m\n                    \u001b[33md\u001b[39m=\u001b[32m\"M9 21H5a2 2 0 0 1-2-2V5a2 2 0 0 1 2-2h4\"\u001b[39m\n                  \u001b[36m/>\u001b[39m\n                  \u001b[36m<polyline\u001b[39m\n                    \u001b[33mpoints\u001b[39m=\u001b[32m\"16 17 21 12 16 7\"\u001b[39m\n                  \u001b[36m/>\u001b[39m\n                  \u001b[36m<line\u001b[39m\n                    \u001b[33mx1\u001b[39m=\u001b[32m\"21\"\u001b[39m\n                    \u001b[33mx2\u001b[39m=\u001b[32m\"9\"\u001b[39m\n                    \u001b[33my1\u001b[39m=\u001b[32m\"12\"\u001b[39m\n                    \u001b[33my2\u001b[39m=\u001b[32m\"12\"\u001b[39m\n                  \u001b[36m/>\u001b[39m\n                \u001b[36m</svg>\u001b[39m\n                \u001b[36m<span\u001b[39m\n                  \u001b[33mclass\u001b[39m=\u001b[32m\"hidden sm:inline\"\u001b[39m\n                \u001b[36m>\u001b[39m\n                  \u001b[0mSair\u001b[0m\n                \u001b[36m</span>\u001b[39m\n              \u001b[36m</button>\u001b[39m\n            \u001b[36m</div>\u001b[39m\n          \u001b[36m</div>\u001b[39m\n        \u001b[36m</div>\u001b[39m\n      \u001b[36m</header>\u001b[39m\n      \u001b[36m<div\u001b[39m\n        \u001b[33mclass\u001b[39m=\u001b[32m\"flex items-center justify-center px-4 py-8\"\u001b[39m\n      \u001b[36m>\u001b[39m\n        \u001b[36m<div\u001b[39m\n          \u001b[33mclass\u001b[39m=\u001b[32m\"max-w-4xl w-full\"\u001b[39m\n        \u001b[36m>\u001b[39m\n          \u001b[36m<div\u001b[39m\n            \u001b[33mclass\u001b[39m=\u001b[32m\"bg-white rounded-lg shadow-lg p-8 md:p-12\"\u001b[39m\n          \u001b[36m>\u001b[39m\n            \u001b[36m<div\u001b[39m\n              \u001b[33mclass\u001b[39m=\u001b[32m\"mb-8 text-center\"\u001b[39m\n            \u001b[36m>\u001b[39m\n              \u001b[36m<h1\u001b[39m\n                \u001b[33mclass\u001b[39m=\u001b[32m\"text-4xl font-bold text-gray-900 mb-4\"\u001b[39m\n              \u001b[36m>\u001b[39m\n                \u001b[0mEscolha a estrutura da sua igreja\u001b[0m\n              \u001b[36m</h1>\u001b[39m\n              \u001b[36m<p\u001b[39m\n                \u001b[33mclass\u001b[39m=\u001b[32m\"text-lg text-gray-600\"\u001b[39m\n              \u001b[36m>\u001b[39m\n                \u001b[0mSelecione a opção que melhor descreve a estrutura da sua igreja\u001b[0m\n              \u001b[36m</p>\u001b[39m\n            \u001b[36m</div>\u001b[39m\n            \u001b[36m<div\u001b[39m\n              \u001b[33mclass\u001b[39m=\u001b[32m\"grid md:grid-cols-3 gap-6 mb-8\"\u001b[39m\n            \u001b[36m>\u001b[39m\n              \u001b[36m<button\u001b[39m\n                \u001b[33mclass\u001b[39m=\u001b[32m\"p-6 rounded-lg border-2 transition-all text-left border-gray-200 hover:border-primary/50\"\u001b[39m\n              \u001b[36m>\u001b[39m\n                \u001b[36m<div\u001b[39m\n                  \u001b[33mclass\u001b[39m=\u001b[32m\"flex items-center mb-4\"\u001b[39m\n                \u001b[36m>\u001b[39m\n                  \u001b[36m<div\u001b[39m\n                    \u001b[33mclass\u001b[39m=\u001b[32m\"w-12 h-12 rounded-full flex items-center justify-center mr-3 bg-gray-100 text-gray-600\"\u001b[39m\n                  \u001b[36m>\u001b[39m\n                    \u001b[36m<svg\u001b[39m\n                      \u001b[33mclass\u001b[39m=\u001b[32m\"lucide lucide-church w-6 h-6\"\u001b[39m\n                      \u001b[33mfill\u001b[39m=\u001b[32m\"none\"\u001b[39m\n                      \u001b[33mheight\u001b[39m=\u001b[32m\"24\"\u001b[39m\n                      \u001b[33mstroke\u001b[39m=\u001b[32m\"currentColor\"\u001b[39m\n                      \u001b[33mstroke-linecap\u001b[39m=\u001b[32m\"round\"\u001b[39m\n                      \u001b[33mstroke-linejoin\u001b[39m=\u001b[32m\"round\"\u001b[39m\n                      \u001b[33mstroke-width\u001b[39m=\u001b[32m\"2\"\u001b[39m\n                      \u001b[33mviewBox\u001b[39m=\u001b[32m\"0 0 24 24\"\u001b[39m\n                      \u001b[33mwidth\u001b[39m=\u001b[32m\"24\"\u001b[39m\n                      \u001b[33mxmlns\u001b[39m=\u001b[32m\"http://www.w3.org/2000/svg\"\u001b[39m\n                    \u001b[36m>\u001b[39m\n                      \u001b[36m<path\u001b[39m\n                        \u001b[33md\u001b[39m=\u001b[32m\"m18 7 4 2v11a2 2 0 0 1-2 2H4a2 2 0 0 1-2-2V9l4-2\"\u001b[39m\n                      \u001b[36m/>\u001b[39m\n                      \u001b[36m<path\u001b[39m\n                        \u001b[33md\u001b[39m=\u001b[32m\"M14 22v-4a2 2 0 0 0-2-2v0a2 2 0 0 0-2 2v4\"\u001b[39m\n                      \u001b[36m/>\u001b[39m\n                      \u001b[36m<path\u001b[39m\n                        \u001b[33md\u001b[39m=\u001b[32m\"M18 22V5l-6-3-6 3v17\"\u001b[39m\n                      \u001b[36m/>\u001b[39m\n                      \u001b[36m<path\u001b[39m\n                        \u001b[33md\u001b[39m=\u001b[32m\"M12 7v5\"\u001b[39m\n                      \u001b[36m/>\u001b[39m\n                      \u001b[36m<path\u001b[39m\n                        \u001b[33md\u001b[39m=\u001b[32m\"M10 9h4\"\u001b[39m\n                      \u001b[36m/>\u001b[39m\n                    \u001b[36m</svg>\u001b[39m\n                  \u001b[36m</div>\u001b[39m\n                  \u001b[36m<div\u001b[39m\n                    \u001b[33mclass\u001b[39m=\u001b[32m\"w-5 h-5 rounded-full border-2 flex items-center justify-center border-gray-300\"\u001b[39m\n                  \u001b[36m/>\u001b[39m\n                \u001b[36m</div>\u001b[39m\n                \u001b[36m<h3\u001b[39m\n                  \u001b[33mclass\u001b[39m=\u001b[32m\"text-xl font-semibold text-gray-900 mb-2\"\u001b[39m\n                \u001b[36m>\u001b[39m\n                  \u001b[0mCriar uma igreja\u001b[0m\n                \u001b[36m</h3>\u001b[39m\n                \u001b[36m<p\u001b[39m\n                  \u001b[33mclass\u001b[39m=\u001b[32m\"text-gray-600 text-sm\"\u001b[39m\n                \u001b[36m>\u001b[39m\n                  \u001b[0mEstrutura simples, ideal para igrejas com uma única localização\u001b[0m\n                \u001b[36m</p>\u001b[39m\n              \u001b[36m</button>\u001b[39m\n              \u001b[36m<button\u001b[39m\n                \u001b[33mclass\u001b[39m=\u001b[32m\"p-6 rounded-lg border-2 transition-all text-left border-gray-200 hover:border-primary/50\"\u001b[39m\n              \u001b[36m>\u001b[39m\n                \u001b[36m<div\u001b[39m\n                  \u001b[33mclass\u001b[39m=\u001b[32m\"flex items-center mb-4\"\u001b[39m\n                \u001b[36m>\u001b[39m\n                  \u001b[36m<div\u001b[39m\n                    \u001b[33mclass\u001b[39m=\u001b[32m\"w-12 h-12 rounded-full flex items-center justify-center mr-3 bg-gray-100 text-gray-600\"\u001b[39m\n                  \u001b[36m>\u001b[39m\n                    \u001b[36m<svg\u001b[39m\n                      \u001b[33mclass\u001b[39m=\u001b[32m\"lucide lucide-building2 w-6 h-6\"\u001b[39m\n                      \u001b[33mfill\u001b[39m=\u001b[32m\"none\"\u001b[39m\n                      \u001b[33mheight\u001b[39m=\u001b[32m\"24\"\u001b[39m\n                      \u001b[33mstroke\u001b[39m=\u001b[32m\"currentColor\"\u001b[39m\n                      \u001b[33mstroke-linecap\u001b[39m=\u001b[32m\"round\"\u001b[39m\n                      \u001b[33mstroke-linejoin\u001b[39m=\u001b[32m\"round\"\u001b[39m\n                      \u001b[33mstroke-width\u001b[39m=\u001b[32m\"2\"\u001b[39m\n                      \u001b[33mviewBox\u001b[39m=\u001b[32m\"0 0 24 24\"\u001b[39m\n                      \u001b[33mwidth\u001b[39m=\u001b[32m\"24\"\u001b[39m\n                      \u001b[33mxmlns\u001b[39m=\u001b[32m\"http://www.w3.org/2000/svg\"\u001b[39m\n                    \u001b[36m>\u001b[39m\n                      \u001b[36m<path\u001b[39m\n                        \u001b[33md\u001b[39m=\u001b[32m\"M6 22V4a2 2 0 0 1 2-2h8a2 2 0 0 1 2 2v18Z\"\u001b[39m\n                      \u001b[36m/>\u001b[39m\n                      \u001b[36m<path\u001b[39m\n                        \u001b[33md\u001b[39m=\u001b[32m\"M6 12H4a2 2 0 0 0-2 2v6a2 2 0 0 0 2 2h2\"\u001b[39m\n                      \u001b[36m/>\u001b[39m\n                      \u001b[36m<path\u001b[39m\n                        \u001b[33md\u001b[39m=\u001b[32m\"M18 9h2a2 2 0 0 1 2 2v9a2 2 0 0 1-2 2h-2\"\u001b[39m\n                      \u001b[36m/>\u001b[39m\n                      \u001b[36m<path\u001b[39m\n                        \u001b[33md\u001b[39m=\u001b[32m\"M10 6h4\"\u001b[39m\n                      \u001b[36m/>\u001b[39m\n                      \u001b[36m<path\u001b[39m\n                        \u001b[33md\u001b[39m=\u001b[32m\"M10 10h4\"\u001b[39m\n                      \u001b[36m/>\u001b[39m\n                      \u001b[36m<path\u001b[39m\n                        \u001b[33md\u001b[39m=\u001b[32m\"M10 14h4\"\u001b[39m\n                      \u001b[36m/>\u001b[39m\n                      \u001b[36m<path\u001b[39m\n                        \u001b[33md\u001b[39m=\u001b[32m\"M10 18h4\"\u001b[39m\n                      \u001b[36m/>\u001b[39m\n                    \u001b[36m</svg>\u001b[39m\n                  \u001b[36m</div>\u001b[39m\n                  \u001b[36m<div\u001b[39m\n                    \u001b[33mclass\u001b[39m=\u001b[32m\"w-5 h-5 rounded-full border-2 flex items-center justify-center border-gray-300\"\u001b[39m\n                  \u001b[36m/>\u001b[39m\n                \u001b[36m</div>\u001b[39m\n                \u001b[36m<h3\u001b[39m\n                  \u001b[33mclass\u001b[39m=\u001b[32m\"text-xl font-semibold text-gray-900 mb-2\"\u001b[39m\n                \u001b[36m>\u001b[39m\n                  \u001b[0mCriar igreja com filiais\u001b[0m\n                \u001b[36m</h3>\u001b[39m\n                \u001b[36m<p\u001b[39m\n                  \u001b[33mclass\u001b[39m=\u001b[32m\"text-gray-600 text-sm\"\u001b[39m\n                \u001b[36m>\u001b[39m\n                  \u001b[0mIdeal para igrejas com múltiplas localizações ou congregações\u001b[0m\n                \u001b[36m</p>\u001b[39m\n              \u001b[36m</button>\u001b[39m\n              \u001b[36m<button\u001b[39m\n                \u001b[33mclass\u001b[39m=\u001b[32m\"p-6 rounded-lg border-2 transition-all text-left border-gray-200 hover:border-primary/50\"\u001b[39m\n              \u001b[36m>\u001b[39m\n                \u001b[36m<div\u001b[39m\n                  \u001b[33mclass\u001b[39m=\u001b[32m\"flex items-center mb-4\"\u001b[39m\n                \u001b[36m>\u001b[39m\n                  \u001b[36m<div\u001b[39m\n                    \u001b[33mclass\u001b[39m=\u001b[32m\"w-12 h-12 rounded-full flex items-center justify-center mr-3 bg-gray-100 text-gray-600\"\u001b[39m\n                  \u001b[36m>\u001b[39m\n                    \u001b[36m<svg\u001b[39m\n                      \u001b[33mclass\u001b[39m=\u001b[32m\"lucide lucide-users w-6 h-6\"\u001b[39m\n                      \u001b[33mfill\u001b[39m=\u001b[32m\"none\"\u001b[39m\n                      \u001b[33mheight\u001b[39m=\u001b[32m\"24\"\u001b[39m\n                      \u001b[33mstroke\u001b[39m=\u001b[32m\"currentColor\"\u001b[39m\n                      \u001b[33mstroke-linecap\u001b[39m=\u001b[32m\"round\"\u001b[39m\n                      \u001b[33mstroke-linejoin\u001b[39m=\u001b[32m\"round\"\u001b[39m\n                      \u001b[33mstroke-width\u001b[39m=\u001b[32m\"2\"\u001b[39m\n                      \u001b[33mviewBox\u001b[39m=\u001b[32m\"0 0 24 24\"\u001b[39m\n                      \u001b[33mwidth\u001b[39m=\u001b[32m\"24\"\u001b[39m\n                      \u001b[33mxmlns\u001b[39m=\u001b[32m\"http://www.w3.org/2000/svg\"\u001b[39m\n                    \u001b[36m>\u001b[39m\n                      \u001b[36m<path\u001b[39m\n                        \u001b[33md\u001b[39m=\u001b[32m\"M16 21v-2a4 4 0 0 0-4-4H6a4 4 0 0 0-4 4v2\"\u001b[39m\n                      \u001b[36m/>\u001b[39m\n                      \u001b[36m<circle\u001b[39m\n                        \u001b[33mcx\u001b[39m=\u001b[32m\"9\"\u001b[39m\n                        \u001b[33mcy\u001b[39m=\u001b[32m\"7\"\u001b[39m\n                        \u001b[33mr\u001b[39m=\u001b[32m\"4\"\u001b[39m\n                      \u001b[36m/>\u001b[39m\n                      \u001b[36m<path\u001b[39m\n                        \u001b[33md\u001b[39m=\u001b[32m\"M22 21v-2a4 4 0 0 0-3-3.87\"\u001b[39m\n                      \u001b[36m/>\u001b[39m\n                      \u001b[36m<path\u001b[39m\n                        \u001b[33md\u001b[39m=\u001b[32m\"M16 3.13a4 4 0 0 1 0 7.75\"\u001b[39m\n                      \u001b[36m/>\u001b[39m\n                    \u001b[36m</svg>\u001b[39m\n                  \u001b[36m</div>\u001b[39m\n                  \u001b[36m<div\u001b[39m\n                    \u001b[33mclass\u001b[39m=\u001b[32m\"w-5 h-5 rounded-full border-2 flex items-center justify-center border-gray-300\"\u001b[39m\n                  \u001b[36m/>\u001b[39m\n                \u001b[36m</div>\u001b[39m\n                \u001b[36m<h3\u001b[39m\n                  \u001b[33mclass\u001b[39m=\u001b[32m\"text-xl font-semibold text-gray-900 mb-2\"\u001b[39m\n                \u001b[36m>\u001b[39m\n                  \u001b[0mEntrar em uma igreja existente\u001b[0m\n                \u001b[36m</h3>\u001b[39m\n                \u001b[36m<p\u001b[39m\n                  \u001b[33mclass\u001b[39m=\u001b[32m\"text-gray-600 text-sm\"\u001b[39m\n                \u001b[36m>\u001b[39m\n                  \u001b[0mVocê recebeu um convite? Entre usando o código de convite\u001b[0m\n                \u001b[36m</p>\u001b[39m\n              \u001b[36m</button>\u001b[39m\n            \u001b[36m</div>\u001b[39m\n            \u001b[36m<div\u001b[39m\n              \u001b[33mclass\u001b[39m=\u001b[32m\"flex gap-4 pt-6 border-t border-gray-200\"\u001b[39m\n            \u001b[36m>\u001b[39m\n              \u001b[36m<button\u001b[39m\n                \u001b[33mclass\u001b[39m=\u001b[32m\"btn-secondary flex-1\"\u001b[39m\n                \u001b[33mtype\u001b[39m=\u001b[32m\"button\"\u001b[39m\n              \u001b[36m>\u001b[39m\n                \u001b[0mVoltar\u001b[0m\n              \u001b[36m</button>\u001b[39m\n              \u001b[36m<button\u001b[39m\n                \u001b[33mclass\u001b[39m=\u001b[32m\"btn-primary flex-1 disabled:opacity-50 disabled:cursor-not-allowed\"\u001b[39m\n                \u001b[33mdisabled\u001b[39m=\u001b[32m\"\"\u001b[39m\n                \u001b[33mtype\u001b[39m=\u001b[32m\"button\"\u001b[39m\n              \u001b[36m>\u001b[39m\n                \u001b[0mContinuar\u001b[0m\n              \u001b[36m</button>\u001b[39m\n            \u001b[36m</div>\u001b[39m\n          \u001b[36m</div>\u001b[39m\n        \u001b[36m</div>\u001b[39m\n      \u001b[36m</div>\u001b[39m\n    \u001b[36m</div>\u001b[39m\n  \u001b[36m</div>\u001b[39m\n\u001b[36m</body>\u001b[39m\n    at Proxy.waitForWrapper (C:\\Users\\fernando.baldo\\Documents\\codes\\churchappcomplete\\web\\node_modules\\@testing-library\\dom\\dist\\wait-for.js:163:27)\n    at C:/Users/fernando.baldo/Documents/codes/churchappcomplete/web/src/__tests__/integration/navigation/protected-routes.test.tsx:85:11\n    at file:///C:/Users/fernando.baldo/Documents/codes/churchappcomplete/web/node_modules/@vitest/runner/dist/index.js:157:11\n    at file:///C:/Users/fernando.baldo/Documents/codes/churchappcomplete/web/node_modules/@vitest/runner/dist/index.js:753:26\n    at file:///C:/Users/fernando.baldo/Documents/codes/churchappcomplete/web/node_modules/@vitest/runner/dist/index.js:1636:20\n    at new Promise (<anonymous>)\n    at runWithTimeout (file:///C:/Users/fernando.baldo/Documents/codes/churchappcomplete/web/node_modules/@vitest/runner/dist/index.js:1602:10)\n    at runTest (file:///C:/Users/fernando.baldo/Documents/codes/churchappcomplete/web/node_modules/@vitest/runner/dist/index.js:1309:12)\n    at runSuite (file:///C:/Users/fernando.baldo/Documents/codes/churchappcomplete/web/node_modules/@vitest/runner/dist/index.js:1468:8)\n    at runSuite (file:///C:/Users/fernando.baldo/Documents/codes/churchappcomplete/web/node_modules/@vitest/runner/dist/index.js:1468:8)"],"meta":{}},{"ancestorTitles":["Protected Routes Integration"],"fullName":"Protected Routes Integration deve redirecionar para dashboard quando já logado e acessar /login","status":"passed","title":"deve redirecionar para dashboard quando já logado e acessar /login","duration":54.43119999999908,"failureMessages":[],"meta":{}},{"ancestorTitles":["Protected Routes Integration"],"fullName":"Protected Routes Integration deve redirecionar para onboarding quando autenticado mas sem onboarding completo","status":"passed","title":"deve redirecionar para onboarding quando autenticado mas sem onboarding completo","duration":52.11779999999999,"failureMessages":[],"meta":{}},{"ancestorTitles":["Protected Routes Integration"],"fullName":"Protected Routes Integration deve redirecionar para onboarding quando tenta acessar rotas protegidas sem onboarding completo","status":"passed","title":"deve redirecionar para onboarding quando tenta acessar rotas protegidas sem onboarding completo","duration":31.998500000001513,"failureMessages":[],"meta":{}},{"ancestorTitles":["Protected Routes Integration"],"fullName":"Protected Routes Integration deve permitir acesso quando autenticado e onboarding completo","status":"failed","title":"deve permitir acesso quando autenticado e onboarding completo","duration":3034.782999999996,"failureMessages":["Error: Unable to find an element with the text: Dashboard Page. This could be because the text is broken up by multiple elements. In this case, you can provide a function for your text matcher to make your matcher more flexible.\n\nIgnored nodes: comments, script, style\n\u001b[36m<body>\u001b[39m\n  \u001b[36m<div>\u001b[39m\n    \u001b[36m<div\u001b[39m\n      \u001b[33mclass\u001b[39m=\u001b[32m\"min-h-screen bg-gray-50\"\u001b[39m\n    \u001b[36m>\u001b[39m\n      \u001b[36m<header\u001b[39m\n        \u001b[33mclass\u001b[39m=\u001b[32m\"bg-white border-b border-gray-200 shadow-sm\"\u001b[39m\n      \u001b[36m>\u001b[39m\n        \u001b[36m<div\u001b[39m\n          \u001b[33mclass\u001b[39m=\u001b[32m\"max-w-7xl mx-auto px-4 sm:px-6 lg:px-8\"\u001b[39m\n        \u001b[36m>\u001b[39m\n          \u001b[36m<div\u001b[39m\n            \u001b[33mclass\u001b[39m=\u001b[32m\"flex justify-between items-center h-16\"\u001b[39m\n          \u001b[36m>\u001b[39m\n            \u001b[36m<div\u001b[39m\n              \u001b[33mclass\u001b[39m=\u001b[32m\"flex items-center\"\u001b[39m\n            \u001b[36m>\u001b[39m\n              \u001b[36m<h1\u001b[39m\n                \u001b[33mclass\u001b[39m=\u001b[32m\"text-xl font-bold text-gray-900\"\u001b[39m\n              \u001b[36m>\u001b[39m\n                \u001b[0mChurchPulse\u001b[0m\n              \u001b[36m</h1>\u001b[39m\n            \u001b[36m</div>\u001b[39m\n            \u001b[36m<div\u001b[39m\n              \u001b[33mclass\u001b[39m=\u001b[32m\"flex items-center gap-4\"\u001b[39m\n            \u001b[36m>\u001b[39m\n              \u001b[36m<span\u001b[39m\n                \u001b[33mclass\u001b[39m=\u001b[32m\"text-sm text-gray-600 hidden sm:inline\"\u001b[39m\n              \u001b[36m>\u001b[39m\n                \u001b[0mJoão Silva\u001b[0m\n              \u001b[36m</span>\u001b[39m\n              \u001b[36m<button\u001b[39m\n                \u001b[33mclass\u001b[39m=\u001b[32m\"flex items-center gap-2 px-4 py-2 text-sm text-gray-700 hover:text-gray-900 hover:bg-gray-100 rounded-lg transition-colors\"\u001b[39m\n                \u001b[33mtitle\u001b[39m=\u001b[32m\"Sair\"\u001b[39m\n              \u001b[36m>\u001b[39m\n                \u001b[36m<svg\u001b[39m\n                  \u001b[33mclass\u001b[39m=\u001b[32m\"lucide lucide-log-out w-4 h-4\"\u001b[39m\n                  \u001b[33mfill\u001b[39m=\u001b[32m\"none\"\u001b[39m\n                  \u001b[33mheight\u001b[39m=\u001b[32m\"24\"\u001b[39m\n                  \u001b[33mstroke\u001b[39m=\u001b[32m\"currentColor\"\u001b[39m\n                  \u001b[33mstroke-linecap\u001b[39m=\u001b[32m\"round\"\u001b[39m\n                  \u001b[33mstroke-linejoin\u001b[39m=\u001b[32m\"round\"\u001b[39m\n                  \u001b[33mstroke-width\u001b[39m=\u001b[32m\"2\"\u001b[39m\n                  \u001b[33mviewBox\u001b[39m=\u001b[32m\"0 0 24 24\"\u001b[39m\n                  \u001b[33mwidth\u001b[39m=\u001b[32m\"24\"\u001b[39m\n                  \u001b[33mxmlns\u001b[39m=\u001b[32m\"http://www.w3.org/2000/svg\"\u001b[39m\n                \u001b[36m>\u001b[39m\n                  \u001b[36m<path\u001b[39m\n                    \u001b[33md\u001b[39m=\u001b[32m\"M9 21H5a2 2 0 0 1-2-2V5a2 2 0 0 1 2-2h4\"\u001b[39m\n                  \u001b[36m/>\u001b[39m\n                  \u001b[36m<polyline\u001b[39m\n                    \u001b[33mpoints\u001b[39m=\u001b[32m\"16 17 21 12 16 7\"\u001b[39m\n                  \u001b[36m/>\u001b[39m\n                  \u001b[36m<line\u001b[39m\n                    \u001b[33mx1\u001b[39m=\u001b[32m\"21\"\u001b[39m\n                    \u001b[33mx2\u001b[39m=\u001b[32m\"9\"\u001b[39m\n                    \u001b[33my1\u001b[39m=\u001b[32m\"12\"\u001b[39m\n                    \u001b[33my2\u001b[39m=\u001b[32m\"12\"\u001b[39m\n                  \u001b[36m/>\u001b[39m\n                \u001b[36m</svg>\u001b[39m\n                \u001b[36m<span\u001b[39m\n                  \u001b[33mclass\u001b[39m=\u001b[32m\"hidden sm:inline\"\u001b[39m\n                \u001b[36m>\u001b[39m\n                  \u001b[0mSair\u001b[0m\n                \u001b[36m</span>\u001b[39m\n              \u001b[36m</button>\u001b[39m\n            \u001b[36m</div>\u001b[39m\n          \u001b[36m</div>\u001b[39m\n        \u001b[36m</div>\u001b[39m\n      \u001b[36m</header>\u001b[39m\n      \u001b[36m<div\u001b[39m\n        \u001b[33mclass\u001b[39m=\u001b[32m\"flex items-center justify-center px-4 py-8\"\u001b[39m\n      \u001b[36m>\u001b[39m\n        \u001b[36m<div\u001b[39m\n          \u001b[33mclass\u001b[39m=\u001b[32m\"max-w-4xl w-full\"\u001b[39m\n        \u001b[36m>\u001b[39m\n          \u001b[36m<div\u001b[39m\n            \u001b[33mclass\u001b[39m=\u001b[32m\"bg-white rounded-lg shadow-lg p-8 md:p-12\"\u001b[39m\n          \u001b[36m>\u001b[39m\n            \u001b[36m<div\u001b[39m\n              \u001b[33mclass\u001b[39m=\u001b[32m\"mb-8 text-center\"\u001b[39m\n            \u001b[36m>\u001b[39m\n              \u001b[36m<h1\u001b[39m\n                \u001b[33mclass\u001b[39m=\u001b[32m\"text-4xl font-bold text-gray-900 mb-4\"\u001b[39m\n              \u001b[36m>\u001b[39m\n                \u001b[0mEscolha a estrutura da sua igreja\u001b[0m\n              \u001b[36m</h1>\u001b[39m\n              \u001b[36m<p\u001b[39m\n                \u001b[33mclass\u001b[39m=\u001b[32m\"text-lg text-gray-600\"\u001b[39m\n              \u001b[36m>\u001b[39m\n                \u001b[0mSelecione a opção que melhor descreve a estrutura da sua igreja\u001b[0m\n              \u001b[36m</p>\u001b[39m\n            \u001b[36m</div>\u001b[39m\n            \u001b[36m<div\u001b[39m\n              \u001b[33mclass\u001b[39m=\u001b[32m\"grid md:grid-cols-3 gap-6 mb-8\"\u001b[39m\n            \u001b[36m>\u001b[39m\n              \u001b[36m<button\u001b[39m\n                \u001b[33mclass\u001b[39m=\u001b[32m\"p-6 rounded-lg border-2 transition-all text-left border-gray-200 hover:border-primary/50\"\u001b[39m\n              \u001b[36m>\u001b[39m\n                \u001b[36m<div\u001b[39m\n                  \u001b[33mclass\u001b[39m=\u001b[32m\"flex items-center mb-4\"\u001b[39m\n                \u001b[36m>\u001b[39m\n                  \u001b[36m<div\u001b[39m\n                    \u001b[33mclass\u001b[39m=\u001b[32m\"w-12 h-12 rounded-full flex items-center justify-center mr-3 bg-gray-100 text-gray-600\"\u001b[39m\n                  \u001b[36m>\u001b[39m\n                    \u001b[36m<svg\u001b[39m\n                      \u001b[33mclass\u001b[39m=\u001b[32m\"lucide lucide-church w-6 h-6\"\u001b[39m\n                      \u001b[33mfill\u001b[39m=\u001b[32m\"none\"\u001b[39m\n                      \u001b[33mheight\u001b[39m=\u001b[32m\"24\"\u001b[39m\n                      \u001b[33mstroke\u001b[39m=\u001b[32m\"currentColor\"\u001b[39m\n                      \u001b[33mstroke-linecap\u001b[39m=\u001b[32m\"round\"\u001b[39m\n                      \u001b[33mstroke-linejoin\u001b[39m=\u001b[32m\"round\"\u001b[39m\n                      \u001b[33mstroke-width\u001b[39m=\u001b[32m\"2\"\u001b[39m\n                      \u001b[33mviewBox\u001b[39m=\u001b[32m\"0 0 24 24\"\u001b[39m\n                      \u001b[33mwidth\u001b[39m=\u001b[32m\"24\"\u001b[39m\n                      \u001b[33mxmlns\u001b[39m=\u001b[32m\"http://www.w3.org/2000/svg\"\u001b[39m\n                    \u001b[36m>\u001b[39m\n                      \u001b[36m<path\u001b[39m\n                        \u001b[33md\u001b[39m=\u001b[32m\"m18 7 4 2v11a2 2 0 0 1-2 2H4a2 2 0 0 1-2-2V9l4-2\"\u001b[39m\n                      \u001b[36m/>\u001b[39m\n                      \u001b[36m<path\u001b[39m\n                        \u001b[33md\u001b[39m=\u001b[32m\"M14 22v-4a2 2 0 0 0-2-2v0a2 2 0 0 0-2 2v4\"\u001b[39m\n                      \u001b[36m/>\u001b[39m\n                      \u001b[36m<path\u001b[39m\n                        \u001b[33md\u001b[39m=\u001b[32m\"M18 22V5l-6-3-6 3v17\"\u001b[39m\n                      \u001b[36m/>\u001b[39m\n                      \u001b[36m<path\u001b[39m\n                        \u001b[33md\u001b[39m=\u001b[32m\"M12 7v5\"\u001b[39m\n                      \u001b[36m/>\u001b[39m\n                      \u001b[36m<path\u001b[39m\n                        \u001b[33md\u001b[39m=\u001b[32m\"M10 9h4\"\u001b[39m\n                      \u001b[36m/>\u001b[39m\n                    \u001b[36m</svg>\u001b[39m\n                  \u001b[36m</div>\u001b[39m\n                  \u001b[36m<div\u001b[39m\n                    \u001b[33mclass\u001b[39m=\u001b[32m\"w-5 h-5 rounded-full border-2 flex items-center justify-center border-gray-300\"\u001b[39m\n                  \u001b[36m/>\u001b[39m\n                \u001b[36m</div>\u001b[39m\n                \u001b[36m<h3\u001b[39m\n                  \u001b[33mclass\u001b[39m=\u001b[32m\"text-xl font-semibold text-gray-900 mb-2\"\u001b[39m\n                \u001b[36m>\u001b[39m\n                  \u001b[0mCriar uma igreja\u001b[0m\n                \u001b[36m</h3>\u001b[39m\n                \u001b[36m<p\u001b[39m\n                  \u001b[33mclass\u001b[39m=\u001b[32m\"text-gray-600 text-sm\"\u001b[39m\n                \u001b[36m>\u001b[39m\n                  \u001b[0mEstrutura simples, ideal para igrejas com uma única localização\u001b[0m\n                \u001b[36m</p>\u001b[39m\n              \u001b[36m</button>\u001b[39m\n              \u001b[36m<button\u001b[39m\n                \u001b[33mclass\u001b[39m=\u001b[32m\"p-6 rounded-lg border-2 transition-all text-left border-gray-200 hover:border-primary/50\"\u001b[39m\n              \u001b[36m>\u001b[39m\n                \u001b[36m<div\u001b[39m\n                  \u001b[33mclass\u001b[39m=\u001b[32m\"flex items-center mb-4\"\u001b[39m\n                \u001b[36m>\u001b[39m\n                  \u001b[36m<div\u001b[39m\n                    \u001b[33mclass\u001b[39m=\u001b[32m\"w-12 h-12 rounded-full flex items-center justify-center mr-3 bg-gray-100 text-gray-600\"\u001b[39m\n                  \u001b[36m>\u001b[39m\n                    \u001b[36m<svg\u001b[39m\n                      \u001b[33mclass\u001b[39m=\u001b[32m\"lucide lucide-building2 w-6 h-6\"\u001b[39m\n                      \u001b[33mfill\u001b[39m=\u001b[32m\"none\"\u001b[39m\n                      \u001b[33mheight\u001b[39m=\u001b[32m\"24\"\u001b[39m\n                      \u001b[33mstroke\u001b[39m=\u001b[32m\"currentColor\"\u001b[39m\n                      \u001b[33mstroke-linecap\u001b[39m=\u001b[32m\"round\"\u001b[39m\n                      \u001b[33mstroke-linejoin\u001b[39m=\u001b[32m\"round\"\u001b[39m\n                      \u001b[33mstroke-width\u001b[39m=\u001b[32m\"2\"\u001b[39m\n                      \u001b[33mviewBox\u001b[39m=\u001b[32m\"0 0 24 24\"\u001b[39m\n                      \u001b[33mwidth\u001b[39m=\u001b[32m\"24\"\u001b[39m\n                      \u001b[33mxmlns\u001b[39m=\u001b[32m\"http://www.w3.org/2000/svg\"\u001b[39m\n                    \u001b[36m>\u001b[39m\n                      \u001b[36m<path\u001b[39m\n                        \u001b[33md\u001b[39m=\u001b[32m\"M6 22V4a2 2 0 0 1 2-2h8a2 2 0 0 1 2 2v18Z\"\u001b[39m\n                      \u001b[36m/>\u001b[39m\n                      \u001b[36m<path\u001b[39m\n                        \u001b[33md\u001b[39m=\u001b[32m\"M6 12H4a2 2 0 0 0-2 2v6a2 2 0 0 0 2 2h2\"\u001b[39m\n                      \u001b[36m/>\u001b[39m\n                      \u001b[36m<path\u001b[39m\n                        \u001b[33md\u001b[39m=\u001b[32m\"M18 9h2a2 2 0 0 1 2 2v9a2 2 0 0 1-2 2h-2\"\u001b[39m\n                      \u001b[36m/>\u001b[39m\n                      \u001b[36m<path\u001b[39m\n                        \u001b[33md\u001b[39m=\u001b[32m\"M10 6h4\"\u001b[39m\n                      \u001b[36m/>\u001b[39m\n                      \u001b[36m<path\u001b[39m\n                        \u001b[33md\u001b[39m=\u001b[32m\"M10 10h4\"\u001b[39m\n                      \u001b[36m/>\u001b[39m\n                      \u001b[36m<path\u001b[39m\n                        \u001b[33md\u001b[39m=\u001b[32m\"M10 14h4\"\u001b[39m\n                      \u001b[36m/>\u001b[39m\n                      \u001b[36m<path\u001b[39m\n                        \u001b[33md\u001b[39m=\u001b[32m\"M10 18h4\"\u001b[39m\n                      \u001b[36m/>\u001b[39m\n                    \u001b[36m</svg>\u001b[39m\n                  \u001b[36m</div>\u001b[39m\n                  \u001b[36m<div\u001b[39m\n                    \u001b[33mclass\u001b[39m=\u001b[32m\"w-5 h-5 rounded-full border-2 flex items-center justify-center border-gray-300\"\u001b[39m\n                  \u001b[36m/>\u001b[39m\n                \u001b[36m</div>\u001b[39m\n                \u001b[36m<h3\u001b[39m\n                  \u001b[33mclass\u001b[39m=\u001b[32m\"text-xl font-semibold text-gray-900 mb-2\"\u001b[39m\n                \u001b[36m>\u001b[39m\n                  \u001b[0mCriar igreja com filiais\u001b[0m\n                \u001b[36m</h3>\u001b[39m\n                \u001b[36m<p\u001b[39m\n                  \u001b[33mclass\u001b[39m=\u001b[32m\"text-gray-600 text-sm\"\u001b[39m\n                \u001b[36m>\u001b[39m\n                  \u001b[0mIdeal para igrejas com múltiplas localizações ou congregações\u001b[0m\n                \u001b[36m</p>\u001b[39m\n              \u001b[36m</button>\u001b[39m\n              \u001b[36m<button\u001b[39m\n                \u001b[33mclass\u001b[39m=\u001b[32m\"p-6 rounded-lg border-2 transition-all text-left border-gray-200 hover:border-primary/50\"\u001b[39m\n              \u001b[36m>\u001b[39m\n                \u001b[36m<div\u001b[39m\n                  \u001b[33mclass\u001b[39m=\u001b[32m\"flex items-center mb-4\"\u001b[39m\n                \u001b[36m>\u001b[39m\n                  \u001b[36m<div\u001b[39m\n                    \u001b[33mclass\u001b[39m=\u001b[32m\"w-12 h-12 rounded-full flex items-center justify-center mr-3 bg-gray-100 text-gray-600\"\u001b[39m\n                  \u001b[36m>\u001b[39m\n                    \u001b[36m<svg\u001b[39m\n                      \u001b[33mclass\u001b[39m=\u001b[32m\"lucide lucide-users w-6 h-6\"\u001b[39m\n                      \u001b[33mfill\u001b[39m=\u001b[32m\"none\"\u001b[39m\n                      \u001b[33mheight\u001b[39m=\u001b[32m\"24\"\u001b[39m\n                      \u001b[33mstroke\u001b[39m=\u001b[32m\"currentColor\"\u001b[39m\n                      \u001b[33mstroke-linecap\u001b[39m=\u001b[32m\"round\"\u001b[39m\n                      \u001b[33mstroke-linejoin\u001b[39m=\u001b[32m\"round\"\u001b[39m\n                      \u001b[33mstroke-width\u001b[39m=\u001b[32m\"2\"\u001b[39m\n                      \u001b[33mviewBox\u001b[39m=\u001b[32m\"0 0 24 24\"\u001b[39m\n                      \u001b[33mwidth\u001b[39m=\u001b[32m\"24\"\u001b[39m\n                      \u001b[33mxmlns\u001b[39m=\u001b[32m\"http://www.w3.org/2000/svg\"\u001b[39m\n                    \u001b[36m>\u001b[39m\n                      \u001b[36m<path\u001b[39m\n                        \u001b[33md\u001b[39m=\u001b[32m\"M16 21v-2a4 4 0 0 0-4-4H6a4 4 0 0 0-4 4v2\"\u001b[39m\n                      \u001b[36m/>\u001b[39m\n                      \u001b[36m<circle\u001b[39m\n                        \u001b[33mcx\u001b[39m=\u001b[32m\"9\"\u001b[39m\n                        \u001b[33mcy\u001b[39m=\u001b[32m\"7\"\u001b[39m\n                        \u001b[33mr\u001b[39m=\u001b[32m\"4\"\u001b[39m\n                      \u001b[36m/>\u001b[39m\n                      \u001b[36m<path\u001b[39m\n                        \u001b[33md\u001b[39m=\u001b[32m\"M22 21v-2a4 4 0 0 0-3-3.87\"\u001b[39m\n                      \u001b[36m/>\u001b[39m\n                      \u001b[36m<path\u001b[39m\n                        \u001b[33md\u001b[39m=\u001b[32m\"M16 3.13a4 4 0 0 1 0 7.75\"\u001b[39m\n                      \u001b[36m/>\u001b[39m\n                    \u001b[36m</svg>\u001b[39m\n                  \u001b[36m</div>\u001b[39m\n                  \u001b[36m<div\u001b[39m\n                    \u001b[33mclass\u001b[39m=\u001b[32m\"w-5 h-5 rounded-full border-2 flex items-center justify-center border-gray-300\"\u001b[39m\n                  \u001b[36m/>\u001b[39m\n                \u001b[36m</div>\u001b[39m\n                \u001b[36m<h3\u001b[39m\n                  \u001b[33mclass\u001b[39m=\u001b[32m\"text-xl font-semibold text-gray-900 mb-2\"\u001b[39m\n                \u001b[36m>\u001b[39m\n                  \u001b[0mEntrar em uma igreja existente\u001b[0m\n                \u001b[36m</h3>\u001b[39m\n                \u001b[36m<p\u001b[39m\n                  \u001b[33mclass\u001b[39m=\u001b[32m\"text-gray-600 text-sm\"\u001b[39m\n                \u001b[36m>\u001b[39m\n                  \u001b[0mVocê recebeu um convite? Entre usando o código de convite\u001b[0m\n                \u001b[36m</p>\u001b[39m\n              \u001b[36m</button>\u001b[39m\n            \u001b[36m</div>\u001b[39m\n            \u001b[36m<div\u001b[39m\n              \u001b[33mclass\u001b[39m=\u001b[32m\"flex gap-4 pt-6 border-t border-gray-200\"\u001b[39m\n            \u001b[36m>\u001b[39m\n              \u001b[36m<button\u001b[39m\n                \u001b[33mclass\u001b[39m=\u001b[32m\"btn-secondary flex-1\"\u001b[39m\n                \u001b[33mtype\u001b[39m=\u001b[32m\"button\"\u001b[39m\n              \u001b[36m>\u001b[39m\n                \u001b[0mVoltar\u001b[0m\n              \u001b[36m</button>\u001b[39m\n              \u001b[36m<button\u001b[39m\n                \u001b[33mclass\u001b[39m=\u001b[32m\"btn-primary flex-1 disabled:opacity-50 disabled:cursor-not-allowed\"\u001b[39m\n                \u001b[33mdisabled\u001b[39m=\u001b[32m\"\"\u001b[39m\n                \u001b[33mtype\u001b[39m=\u001b[32m\"button\"\u001b[39m\n              \u001b[36m>\u001b[39m\n                \u001b[0mContinuar\u001b[0m\n              \u001b[36m</button>\u001b[39m\n            \u001b[36m</div>\u001b[39m\n          \u001b[36m</div>\u001b[39m\n        \u001b[36m</div>\u001b[39m\n      \u001b[36m</div>\u001b[39m\n    \u001b[36m</div>\u001b[39m\n  \u001b[36m</div>\u001b[39m\n\u001b[36m</body>\u001b[39m\n    at Proxy.waitForWrapper (C:\\Users\\fernando.baldo\\Documents\\codes\\churchappcomplete\\web\\node_modules\\@testing-library\\dom\\dist\\wait-for.js:163:27)\n    at C:/Users/fernando.baldo/Documents/codes/churchappcomplete/web/src/__tests__/integration/navigation/protected-routes.test.tsx:156:11\n    at file:///C:/Users/fernando.baldo/Documents/codes/churchappcomplete/web/node_modules/@vitest/runner/dist/index.js:157:11\n    at file:///C:/Users/fernando.baldo/Documents/codes/churchappcomplete/web/node_modules/@vitest/runner/dist/index.js:753:26\n    at file:///C:/Users/fernando.baldo/Documents/codes/churchappcomplete/web/node_modules/@vitest/runner/dist/index.js:1636:20\n    at new Promise (<anonymous>)\n    at runWithTimeout (file:///C:/Users/fernando.baldo/Documents/codes/churchappcomplete/web/node_modules/@vitest/runner/dist/index.js:1602:10)\n    at runTest (file:///C:/Users/fernando.baldo/Documents/codes/churchappcomplete/web/node_modules/@vitest/runner/dist/index.js:1309:12)\n    at runSuite (file:///C:/Users/fernando.baldo/Documents/codes/churchappcomplete/web/node_modules/@vitest/runner/dist/index.js:1468:8)\n    at runSuite (file:///C:/Users/fernando.baldo/Documents/codes/churchappcomplete/web/node_modules/@vitest/runner/dist/index.js:1468:8)"],"meta":{}}],"startTime":1768176094181,"endTime":1768176100545.783,"status":"failed","message":"","name":"C:/Users/fernando.baldo/Documents/codes/churchappcomplete/web/src/__tests__/integration/navigation/protected-routes.test.tsx"},{"assertionResults":[{"ancestorTitles":["Sidebar Navigation"],"fullName":"Sidebar Navigation deve ter link para /app/dashboard no item Dashboard","status":"passed","title":"deve ter link para /app/dashboard no item Dashboard","duration":131.8174999999992,"failureMessages":[],"meta":{}},{"ancestorTitles":["Sidebar Navigation"],"fullName":"Sidebar Navigation deve ter link para /app/events no item Eventos","status":"passed","title":"deve ter link para /app/events no item Eventos","duration":43.756900000000314,"failureMessages":[],"meta":{}},{"ancestorTitles":["Sidebar Navigation"],"fullName":"Sidebar Navigation deve ter link para /app/contributions no item Contribuições","status":"passed","title":"deve ter link para /app/contributions no item Contribuições","duration":58.67079999999987,"failureMessages":[],"meta":{}},{"ancestorTitles":["Sidebar Navigation"],"fullName":"Sidebar Navigation deve ter link para /app/devotionals no item Devocionais","status":"passed","title":"deve ter link para /app/devotionals no item Devocionais","duration":27.63760000000002,"failureMessages":[],"meta":{}},{"ancestorTitles":["Sidebar Navigation"],"fullName":"Sidebar Navigation deve ter link para /app/members no item Membros","status":"passed","title":"deve ter link para /app/members no item Membros","duration":28.829800000000432,"failureMessages":[],"meta":{}},{"ancestorTitles":["Sidebar Navigation"],"fullName":"Sidebar Navigation deve ter link para /app/profile no item Perfil","status":"passed","title":"deve ter link para /app/profile no item Perfil","duration":30.781999999999243,"failureMessages":[],"meta":{}}],"startTime":1768176114465,"endTime":1768176114787.782,"status":"passed","message":"","name":"C:/Users/fernando.baldo/Documents/codes/churchappcomplete/web/src/__tests__/integration/navigation/sidebar-navigation.test.tsx"},{"assertionResults":[{"ancestorTitles":["Onboarding Flow - Integração Completa"],"fullName":"Onboarding Flow - Integração Completa deve completar fluxo completo: estrutura simples","status":"failed","title":"deve completar fluxo completo: estrutura simples","duration":165.04539999999906,"failureMessages":["TestingLibraryElementError: Unable to find an element with the text: Criar uma igreja. This could be because the text is broken up by multiple elements. In this case, you can provide a function for your text matcher to make your matcher more flexible.\n\nIgnored nodes: comments, script, style\n\u001b[36m<body>\u001b[39m\n  \u001b[36m<div>\u001b[39m\n    \u001b[36m<div\u001b[39m\n      \u001b[33mclass\u001b[39m=\u001b[32m\"min-h-screen bg-gray-50 flex items-center justify-center\"\u001b[39m\n    \u001b[36m>\u001b[39m\n      \u001b[36m<div\u001b[39m\n        \u001b[33mclass\u001b[39m=\u001b[32m\"text-center\"\u001b[39m\n      \u001b[36m>\u001b[39m\n        \u001b[36m<div\u001b[39m\n          \u001b[33mclass\u001b[39m=\u001b[32m\"animate-spin rounded-full h-12 w-12 border-b-2 border-primary mx-auto mb-4\"\u001b[39m\n        \u001b[36m/>\u001b[39m\n        \u001b[36m<p\u001b[39m\n          \u001b[33mclass\u001b[39m=\u001b[32m\"text-gray-600\"\u001b[39m\n        \u001b[36m>\u001b[39m\n          \u001b[0mCarregando...\u001b[0m\n        \u001b[36m</p>\u001b[39m\n      \u001b[36m</div>\u001b[39m\n    \u001b[36m</div>\u001b[39m\n  \u001b[36m</div>\u001b[39m\n\u001b[36m</body>\u001b[39m\n    at Object.getElementError (C:\\Users\\fernando.baldo\\Documents\\codes\\churchappcomplete\\web\\node_modules\\@testing-library\\dom\\dist\\config.js:37:19)\n    at C:\\Users\\fernando.baldo\\Documents\\codes\\churchappcomplete\\web\\node_modules\\@testing-library\\dom\\dist\\query-helpers.js:76:38\n    at C:\\Users\\fernando.baldo\\Documents\\codes\\churchappcomplete\\web\\node_modules\\@testing-library\\dom\\dist\\query-helpers.js:52:17\n    at C:\\Users\\fernando.baldo\\Documents\\codes\\churchappcomplete\\web\\node_modules\\@testing-library\\dom\\dist\\query-helpers.js:95:19\n    at C:/Users/fernando.baldo/Documents/codes/churchappcomplete/web/src/__tests__/integration/onboarding/onboarding-flow.test.tsx:89:33\n    at file:///C:/Users/fernando.baldo/Documents/codes/churchappcomplete/web/node_modules/@vitest/runner/dist/index.js:157:11\n    at file:///C:/Users/fernando.baldo/Documents/codes/churchappcomplete/web/node_modules/@vitest/runner/dist/index.js:753:26\n    at file:///C:/Users/fernando.baldo/Documents/codes/churchappcomplete/web/node_modules/@vitest/runner/dist/index.js:1636:20\n    at new Promise (<anonymous>)\n    at runWithTimeout (file:///C:/Users/fernando.baldo/Documents/codes/churchappcomplete/web/node_modules/@vitest/runner/dist/index.js:1602:10)"],"meta":{}},{"ancestorTitles":["Onboarding Flow - Integração Completa"],"fullName":"Onboarding Flow - Integração Completa deve completar fluxo com estrutura de filiais","status":"failed","title":"deve completar fluxo com estrutura de filiais","duration":15.757399999998597,"failureMessages":["TestingLibraryElementError: Unable to find an element with the text: Criar igreja com filiais. This could be because the text is broken up by multiple elements. In this case, you can provide a function for your text matcher to make your matcher more flexible.\n\nIgnored nodes: comments, script, style\n\u001b[36m<body>\u001b[39m\n  \u001b[36m<div>\u001b[39m\n    \u001b[36m<div\u001b[39m\n      \u001b[33mclass\u001b[39m=\u001b[32m\"min-h-screen bg-gray-50 flex items-center justify-center\"\u001b[39m\n    \u001b[36m>\u001b[39m\n      \u001b[36m<div\u001b[39m\n        \u001b[33mclass\u001b[39m=\u001b[32m\"text-center\"\u001b[39m\n      \u001b[36m>\u001b[39m\n        \u001b[36m<div\u001b[39m\n          \u001b[33mclass\u001b[39m=\u001b[32m\"animate-spin rounded-full h-12 w-12 border-b-2 border-primary mx-auto mb-4\"\u001b[39m\n        \u001b[36m/>\u001b[39m\n        \u001b[36m<p\u001b[39m\n          \u001b[33mclass\u001b[39m=\u001b[32m\"text-gray-600\"\u001b[39m\n        \u001b[36m>\u001b[39m\n          \u001b[0mCarregando...\u001b[0m\n        \u001b[36m</p>\u001b[39m\n      \u001b[36m</div>\u001b[39m\n    \u001b[36m</div>\u001b[39m\n  \u001b[36m</div>\u001b[39m\n\u001b[36m</body>\u001b[39m\n    at Object.getElementError (C:\\Users\\fernando.baldo\\Documents\\codes\\churchappcomplete\\web\\node_modules\\@testing-library\\dom\\dist\\config.js:37:19)\n    at C:\\Users\\fernando.baldo\\Documents\\codes\\churchappcomplete\\web\\node_modules\\@testing-library\\dom\\dist\\query-helpers.js:76:38\n    at C:\\Users\\fernando.baldo\\Documents\\codes\\churchappcomplete\\web\\node_modules\\@testing-library\\dom\\dist\\query-helpers.js:52:17\n    at C:\\Users\\fernando.baldo\\Documents\\codes\\churchappcomplete\\web\\node_modules\\@testing-library\\dom\\dist\\query-helpers.js:95:19\n    at C:/Users/fernando.baldo/Documents/codes/churchappcomplete/web/src/__tests__/integration/onboarding/onboarding-flow.test.tsx:211:35\n    at file:///C:/Users/fernando.baldo/Documents/codes/churchappcomplete/web/node_modules/@vitest/runner/dist/index.js:157:11\n    at file:///C:/Users/fernando.baldo/Documents/codes/churchappcomplete/web/node_modules/@vitest/runner/dist/index.js:753:26\n    at file:///C:/Users/fernando.b
[...]
ing \"vi.mock\" factory, make sure there are no top level variables inside, since this call is hoisted to top of the file. Read more: https://vitest.dev/api/vi.html#vi-mock","name":"C:/Users/fernando.baldo/Documents/codes/churchappcomplete/web/src/__tests__/unit/pages/Devotionals.test.tsx"},{"assertionResults":[],"startTime":1768176055498,"endTime":1768176055498,"status":"failed","message":"[vitest] There was an error when mocking a module. If you are using \"vi.mock\" factory, make sure there are no top level variables inside, since this call is hoisted to top of the file. Read more: https://vitest.dev/api/vi.html#vi-mock","name":"C:/Users/fernando.baldo/Documents/codes/churchappcomplete/web/src/__tests__/unit/pages/EditEvent.test.tsx"},{"assertionResults":[],"startTime":1768176055498,"endTime":1768176055498,"status":"failed","message":"[vitest] There was an error when mocking a module. If you are using \"vi.mock\" factory, make sure there are no top level variables inside, since this call is hoisted to top of the file. Read more: https://vitest.dev/api/vi.html#vi-mock","name":"C:/Users/fernando.baldo/Documents/codes/churchappcomplete/web/src/__tests__/unit/pages/EditTransaction.test.tsx"},{"assertionResults":[],"startTime":1768176055498,"endTime":1768176055498,"status":"failed","message":"[vitest] There was an error when mocking a module. If you are using \"vi.mock\" factory, make sure there are no top level variables inside, since this call is hoisted to top of the file. Read more: https://vitest.dev/api/vi.html#vi-mock","name":"C:/Users/fernando.baldo/Documents/codes/churchappcomplete/web/src/__tests__/unit/pages/EventDetails.test.tsx"},{"assertionResults":[],"startTime":1768176055498,"endTime":1768176055498,"status":"failed","message":"[vitest] There was an error when mocking a module. If you are using \"vi.mock\" factory, make sure there are no top level variables inside, since this call is hoisted to top of the file. Read more: https://vitest.dev/api/vi.html#vi-mock","name":"C:/Users/fernando.baldo/Documents/codes/churchappcomplete/web/src/__tests__/unit/pages/Events.test.tsx"},{"assertionResults":[],"startTime":1768176055498,"endTime":1768176055498,"status":"failed","message":"[vitest] There was an error when mocking a module. If you are using \"vi.mock\" factory, make sure there are no top level variables inside, since this call is hoisted to top of the file. Read more: https://vitest.dev/api/vi.html#vi-mock","name":"C:/Users/fernando.baldo/Documents/codes/churchappcomplete/web/src/__tests__/unit/pages/Finances.test.tsx"},{"assertionResults":[{"ancestorTitles":["Login - Unit Tests"],"fullName":"Login - Unit Tests deve renderizar campos de email e senha corretamente","status":"passed","title":"deve renderizar campos de email e senha corretamente","duration":144.78480000000036,"failureMessages":[],"meta":{}},{"ancestorTitles":["Login - Unit Tests"],"fullName":"Login - Unit Tests deve redirecionar para /onboarding/start quando login bem-sucedido mas sem onboarding completo","status":"passed","title":"deve redirecionar para /onboarding/start quando login bem-sucedido mas sem onboarding completo","duration":670.4787000000006,"failureMessages":[],"meta":{}},{"ancestorTitles":["Login - Unit Tests"],"fullName":"Login - Unit Tests deve redirecionar para /app/dashboard quando login bem-sucedido e onboarding completo","status":"passed","title":"deve redirecionar para /app/dashboard quando login bem-sucedido e onboarding completo","duration":592.5508,"failureMessages":[],"meta":{}},{"ancestorTitles":["Login - Unit Tests"],"fullName":"Login - Unit Tests deve exibir erro quando credenciais são inválidas","status":"passed","title":"deve exibir erro quando credenciais são inválidas","duration":505.21460000000025,"failureMessages":[],"meta":{}},{"ancestorTitles":["Login - Unit Tests"],"fullName":"Login - Unit Tests deve mostrar estado de loading durante o login","status":"passed","title":"deve mostrar estado de loading durante o login","duration":695.9125000000004,"failureMessages":[],"meta":{}}],"startTime":1768176097612,"endTime":1768176100221.9126,"status":"passed","message":"","name":"C:/Users/fernando.baldo/Documents/codes/churchappcomplete/web/src/__tests__/unit/pages/Login.test.tsx"},{"assertionResults":[],"startTime":1768176055498,"endTime":1768176055498,"status":"failed","message":"[vitest] There was an error when mocking a module. If you are using \"vi.mock\" factory, make sure there are no top level variables inside, since this call is hoisted to top of the file. Read more: https://vitest.dev/api/vi.html#vi-mock","name":"C:/Users/fernando.baldo/Documents/codes/churchappcomplete/web/src/__tests__/unit/pages/MemberDetails.test.tsx"},{"assertionResults":[],"startTime":1768176055498,"endTime":1768176055498,"status":"failed","message":"[vitest] There was an error when mocking a module. If you are using \"vi.mock\" factory, make sure there are no top level variables inside, since this call is hoisted to top of the file. Read more: https://vitest.dev/api/vi.html#vi-mock","name":"C:/Users/fernando.baldo/Documents/codes/churchappcomplete/web/src/__tests__/unit/pages/Members.test.tsx"},{"assertionResults":[{"ancestorTitles":["Permissions Page - Unit Tests","Carregamento de membros"],"fullName":"Permissions Page - Unit Tests Carregamento de membros deve carregar e exibir lista de membros","status":"passed","title":"deve carregar e exibir lista de membros","duration":134.59959999999955,"failureMessages":[],"meta":{}},{"ancestorTitles":["Permissions Page - Unit Tests","Carregamento de membros"],"fullName":"Permissions Page - Unit Tests Carregamento de membros deve exibir mensagem de erro quando falha ao carregar membros","status":"passed","title":"deve exibir mensagem de erro quando falha ao carregar membros","duration":46.09299999999985,"failureMessages":[],"meta":{}},{"ancestorTitles":["Permissions Page - Unit Tests","Carregamento de membros"],"fullName":"Permissions Page - Unit Tests Carregamento de membros deve garantir que permissions seja sempre um array","status":"passed","title":"deve garantir que permissions seja sempre um array","duration":22.716300000000047,"failureMessages":[],"meta":{}},{"ancestorTitles":["Permissions Page - Unit Tests","Carregamento de membros"],"fullName":"Permissions Page - Unit Tests Carregamento de membros deve tratar permissions como string JSON corretamente","status":"passed","title":"deve tratar permissions como string JSON corretamente","duration":25.305099999999584,"failureMessages":[],"meta":{}},{"ancestorTitles":["Permissions Page - Unit Tests","Carregamento de membros"],"fullName":"Permissions Page - Unit Tests Carregamento de membros deve tratar permissions undefined corretamente","status":"passed","title":"deve tratar permissions undefined corretamente","duration":23.310699999999997,"failureMessages":[],"meta":{}},{"ancestorTitles":["Permissions Page - Unit Tests","Seleção de membro"],"fullName":"Permissions Page - Unit Tests Seleção de membro deve carregar detalhes do membro quando selecionado","status":"passed","title":"deve carregar detalhes do membro quando selecionado","duration":178.8031000000001,"failureMessages":[],"meta":{}},{"ancestorTitles":["Permissions Page - Unit Tests","Seleção de membro"],"fullName":"Permissions Page - Unit Tests Seleção de membro deve carregar membro da URL quando memberId está presente","status":"passed","title":"deve carregar membro da URL quando memberId está presente","duration":70.99079999999958,"failureMessages":[],"meta":{}},{"ancestorTitles":["Permissions Page - Unit Tests","Atualização de permissões"],"fullName":"Permissions Page - Unit Tests Atualização de permissões deve adicionar permissão quando toggle é ativado","status":"passed","title":"deve adicionar permissão quando toggle é ativado","duration":278.58979999999974,"failureMessages":[],"meta":{}},{"ancestorTitles":["Permissions Page - Unit Tests","Atualização de permissões"],"fullName":"Permissions Page - Unit Tests Atualização de permissões deve remover permissão quando toggle é desativado","status":"passed","title":"deve remover permissão quando toggle é desativado","duration":199.21389999999974,"failureMessages":[],"meta":{}},{"ancestorTitles":["Permissions Page - Unit Tests","Atualização de permissões"],"fullName":"Permissions Page - Unit Tests Atualização de permissões deve reverter toggle em caso de erro na API","status":"passed","title":"deve reverter toggle em caso de erro na API","duration":162.53700000000026,"failureMessages":[],"meta":{}},{"ancestorTitles":["Permissions Page - Unit Tests","Atualização de permissões"],"fullName":"Permissions Page - Unit Tests Atualização de permissões deve atualizar lista de membros após atualizar permissões","status":"passed","title":"deve atualizar lista de membros após atualizar permissões","duration":167.90280000000075,"failureMessages":[],"meta":{}},{"ancestorTitles":["Permissions Page - Unit Tests","Atualização de permissões"],"fullName":"Permissions Page - Unit Tests Atualização de permissões deve usar permissões da resposta POST em vez de fazer GET adicional quando disponível","status":"passed","title":"deve usar permissões da resposta POST em vez de fazer GET adicional quando disponível","duration":152.65539999999964,"failureMessages":[],"meta":{}},{"ancestorTitles":["Permissions Page - Unit Tests","Proteção de ADMINGERAL"],"fullName":"Permissions Page - Unit Tests Proteção de ADMINGERAL deve impedir alteração de permissões de ADMINGERAL","status":"passed","title":"deve impedir alteração de permissões de ADMINGERAL","duration":118.28499999999985,"failureMessages":[],"meta":{}},{"ancestorTitles":["Permissions Page - Unit Tests","Tratamento robusto de permissões"],"fullName":"Permissions Page - Unit Tests Tratamento robusto de permissões deve processar permissões corretamente quando vem como array de objetos","status":"passed","title":"deve processar permissões corretamente quando vem como array de objetos","duration":16.0070999999989,"failureMessages":[],"meta":{}},{"ancestorTitles":["Permissions Page - Unit Tests","Tratamento robusto de permissões"],"fullName":"Permissions Page - Unit Tests Tratamento robusto de permissões deve processar permissões corretamente quando vem como array de strings","status":"passed","title":"deve processar permissões corretamente quando vem como array de strings","duration":33.99359999999979,"failureMessages":[],"meta":{}},{"ancestorTitles":["Permissions Page - Unit Tests","Tratamento robusto de permissões"],"fullName":"Permissions Page - Unit Tests Tratamento robusto de permissões deve fazer fallback para GET quando POST não retorna permissões","status":"passed","title":"deve fazer fallback para GET quando POST não retorna permissões","duration":271.5812999999998,"failureMessages":[],"meta":{}},{"ancestorTitles":["Permissions Page - Unit Tests","Sincronização de estado"],"fullName":"Permissions Page - Unit Tests Sincronização de estado deve sempre buscar detalhes do membro quando selecionado","status":"passed","title":"deve sempre buscar detalhes do membro quando selecionado","duration":106.28889999999956,"failureMessages":[],"meta":{}},{"ancestorTitles":["Permissions Page - Unit Tests","Sincronização de estado"],"fullName":"Permissions Page - Unit Tests Sincronização de estado deve buscar membro da URL quando memberId está presente","status":"passed","title":"deve buscar membro da URL quando memberId está presente","duration":24.83549999999923,"failureMessages":[],"meta":{}}],"startTime":1768176097743,"endTime":1768176099778.8354,"status":"passed","message":"","name":"C:/Users/fernando.baldo/Documents/codes/churchappcomplete/web/src/__tests__/unit/pages/Permissions.test.tsx"},{"assertionResults":[],"startTime":1768176055498,"endTime":1768176055498,"status":"failed","message":"[vitest] There was an error when mocking a module. If you are using \"vi.mock\" factory, make sure there are no top level variables inside, since this call is hoisted to top of the file. Read more: https://vitest.dev/api/vi.html#vi-mock","name":"C:/Users/fernando.baldo/Documents/codes/churchappcomplete/web/src/__tests__/unit/pages/Positions.test.tsx"},{"assertionResults":[{"ancestorTitles":["Profile - Unit Tests"],"fullName":"Profile - Unit Tests deve renderizar o formulário de perfil","status":"passed","title":"deve renderizar o formulário de perfil","duration":189.01080000000002,"failureMessages":[],"meta":{}},{"ancestorTitles":["Profile - Unit Tests"],"fullName":"Profile - Unit Tests deve carregar cargos disponíveis","status":"passed","title":"deve carregar cargos disponíveis","duration":102.11109999999826,"failureMessages":[],"meta":{}},{"ancestorTitles":["Profile - Unit Tests"],"fullName":"Profile - Unit Tests deve validar campos obrigatórios","status":"passed","title":"deve validar campos obrigatórios","duration":485.4935999999998,"failureMessages":[],"meta":{}},{"ancestorTitles":["Profile - Unit Tests"],"fullName":"Profile - Unit Tests deve atualizar perfil com sucesso","status":"passed","title":"deve atualizar perfil com sucesso","duration":678.9402000000009,"failureMessages":[],"meta":{}},{"ancestorTitles":["Profile - Unit Tests"],"fullName":"Profile - Unit Tests deve permitir fazer upload de avatar","status":"passed","title":"deve permitir fazer upload de avatar","duration":145.6368999999995,"failureMessages":[],"meta":{}}],"startTime":1768176107981,"endTime":1768176109582.637,"status":"passed","message":"","name":"C:/Users/fernando.baldo/Documents/codes/churchappcomplete/web/src/__tests__/unit/pages/Profile.test.tsx"},{"assertionResults":[],"startTime":1768176055498,"endTime":1768176055498,"status":"failed","message":"[vitest] There was an error when mocking a module. If you are using \"vi.mock\" factory, make sure there are no top level variables inside, since this call is hoisted to top of the file. Read more: https://vitest.dev/api/vi.html#vi-mock","name":"C:/Users/fernando.baldo/Documents/codes/churchappcomplete/web/src/__tests__/unit/pages/Register.test.tsx"},{"assertionResults":[],"startTime":1768176055498,"endTime":1768176055498,"status":"failed","message":"[vitest] There was an error when mocking a module. If you are using \"vi.mock\" factory, make sure there are no top level variables inside, since this call is hoisted to top of the file. Read more: https://vitest.dev/api/vi.html#vi-mock","name":"C:/Users/fernando.baldo/Documents/codes/churchappcomplete/web/src/__tests__/unit/pages/TransactionDetails.test.tsx"},{"assertionResults":[],"startTime":1768176055498,"endTime":1768176055498,"status":"failed","message":"[vitest] There was an error when mocking a module. If you are using \"vi.mock\" factory, make sure there are no top level variables inside, since this call is hoisted to top of the file. Read more: https://vitest.dev/api/vi.html#vi-mock","name":"C:/Users/fernando.baldo/Documents/codes/churchappcomplete/web/src/__tests__/unit/pages/ChurchSettings/ServiceScheduleList.test.tsx"},{"assertionResults":[],"startTime":1768176055498,"endTime":1768176055498,"status":"failed","message":"Transform failed with 1 error:\nC:/Users/fernando.baldo/Documents/codes/churchappcomplete/web/src/__tests__/unit/pages/onboarding/Branches.test.tsx:201:2: ERROR: Unexpected \"}\"","name":"C:/Users/fernando.baldo/Documents/codes/churchappcomplete/web/src/__tests__/unit/pages/onboarding/Branches.test.tsx"},{"assertionResults":[{"ancestorTitles":["Church - Unit Tests"],"fullName":"Church - Unit Tests deve renderizar o formulário de criação de igreja","status":"passed","title":"deve renderizar o formulário de criação de igreja","duration":176.7518999999993,"failureMessages":[],"meta":{}},{"ancestorTitles":["Church - Unit Tests"],"fullName":"Church - Unit Tests deve validar campos obrigatórios","status":"passed","title":"deve validar campos obrigatórios","duration":232.68780000000152,"failureMessages":[],"meta":{}},{"ancestorTitles":["Church - Unit Tests"],"fullName":"Church - Unit Tests deve criar igreja com sucesso","status":"passed","title":"deve criar igreja com sucesso","duration":771.410100000001,"failureMessages":[],"meta":{}},{"ancestorTitles":["Church - Unit Tests"],"fullName":"Church - Unit Tests deve navegar para branches se estrutura for com filiais","status":"passed","title":"deve navegar para branches se estrutura for com filiais","duration":532.6724000000013,"failureMessages":[],"meta":{}},{"ancestorTitles":["Church - Unit Tests"],"fullName":"Church - Unit Tests deve navegar para settings após criar igreja simples","status":"passed","title":"deve navegar para settings após criar igreja simples","duration":491.7523000000001,"failureMessages":[],"meta":{}}],"startTime":1768176103202,"endTime":1768176105407.7522,"status":"passed","message":"","name":"C:/Users/fernando.baldo/Documents/codes/churchappcomplete/web/src/__tests__/unit/pages/onboarding/Church.test.tsx"},{"assertionResults":[{"ancestorTitles":["Settings - Unit Tests"],"fullName":"Settings - Unit Tests deve renderizar o step 1 (Roles e Permissões)","status":"passed","title":"deve renderizar o step 1 (Roles e Permissões)","duration":144.95990000000074,"failureMessages":[],"meta":{}},{"ancestorTitles":["Settings - Unit Tests"],"fullName":"Settings - Unit Tests deve avançar para step 2 após criar roles","status":"passed","title":"deve avançar para step 2 após criar roles","duration":148.13789999999972,"failureMessages":[],"meta":{}},{"ancestorTitles":["Settings - Unit Tests"],"fullName":"Settings - Unit Tests deve permitir selecionar/deselecionar módulos no step 2","status":"passed","title":"deve permitir selecionar/deselecionar módulos no step 2","duration":140.23849999999948,"failureMessages":[],"meta":{}},{"ancestorTitles":["Settings - Unit Tests"],"fullName":"Settings - Unit Tests deve avançar para step 3 (Convites) após selecionar módulos","status":"passed","title":"deve avançar para step 3 (Convites) após selecionar módulos","duration":379.40090000000055,"failureMessages":[],"meta":{}},{"ancestorTitles":["Settings - Unit Tests"],"fullName":"Settings - Unit Tests deve navegar para dashboard ao concluir onboarding","status":"passed","title":"deve navegar para dashboard ao concluir onboarding","duration":341.1295,"failureMessages":[],"meta":{}}],"startTime":1768176108155,"endTime":1768176109309.1294,"status":"passed","message":"","name":"C:/Users/fernando.baldo/Documents/codes/churchappcomplete/web/src/__tests__/unit/pages/onboarding/Settings.test.tsx"},{"assertionResults":[{"ancestorTitles":["Start - Unit Tests"],"fullName":"Start - Unit Tests deve renderizar as três opções de estrutura","status":"passed","title":"deve renderizar as três opções de estrutura","duration":221.91580000000067,"failureMessages":[],"meta":{}},{"ancestorTitles":["Start - Unit Tests"],"fullName":"Start - Unit Tests deve permitir selecionar estrutura simples","status":"passed","title":"deve permitir selecionar estrutura simples","duration":315.7868000000017,"failureMessages":[],"meta":{}},{"ancestorTitles":["Start - Unit Tests"],"fullName":"Start - Unit Tests deve permitir selecionar estrutura com filiais","status":"passed","title":"deve permitir selecionar estrutura com filiais","duration":148.9952000000012,"failureMessages":[],"meta":{}},{"ancestorTitles":["Start - Unit Tests"],"fullName":"Start - Unit Tests deve desabilitar botão continuar quando nenhuma opção está selecionada","status":"passed","title":"deve desabilitar botão continuar quando nenhuma opção está selecionada","duration":89.36909999999989,"failureMessages":[],"meta":{}},{"ancestorTitles":["Start - Unit Tests"],"fullName":"Start - Unit Tests deve navegar de volta ao clicar em voltar","status":"passed","title":"deve navegar de volta ao clicar em voltar","duration":96.08610000000044,"failureMessages":[],"meta":{}}],"startTime":1768176118884,"endTime":1768176119756.0862,"status":"passed","message":"","name":"C:/Users/fernando.baldo/Documents/codes/churchappcomplete/web/src/__tests__/unit/pages/onboarding/Start.test.tsx"}]}